#
# There is insufficient memory for the Java Runtime Environment to continue.
# Native memory allocation (mmap) failed to map 134217728 bytes for G1 virtual space
# Possible reasons:
#   The system is out of physical RAM or swap space
#   The process is running with CompressedOops enabled, and the Java Heap may be blocking the growth of the native heap
# Possible solutions:
#   Reduce memory load on the system
#   Increase physical memory or swap space
#   Check if swap backing store is full
#   Decrease Java heap size (-Xmx/-Xms)
#   Decrease number of Java threads
#   Decrease Java thread stack sizes (-Xss)
#   Set larger code cache with -XX:ReservedCodeCacheSize=
#   JVM is running with Unscaled Compressed Oops mode in which the Java heap is
#     placed in the first 4GB address space. The Java Heap base address is the
#     maximum limit for the native heap growth. Please use -XX:HeapBaseMinAddress
#     to set the Java Heap base and to place the Java Heap above 4GB virtual address.
# This output file may be truncated or incomplete.
#
#  Out of Memory Error (os_windows.cpp:3532), pid=15920, tid=12204
#
# JRE version:  (17.0.2+8) (build )
# Java VM: OpenJDK 64-Bit Server VM (17.0.2+8, mixed mode, sharing, tiered, compressed oops, compressed class ptrs, g1 gc, windows-amd64)
# No core dump will be written. Minidumps are not enabled by default on client versions of Windows
#

---------------  S U M M A R Y ------------

Command Line: -Dfile.encoding=UTF-8 -XX:+ShowCodeDetailsInExceptionMessages com.spring.securityapi.SecurityapiApplication

Host: Intel(R) Core(TM) i7-8550U CPU @ 1.80GHz, 8 cores, 7G,  Windows 11 , 64 bit Build 22621 (10.0.22621.755)
Time: Tue Dec 20 02:12:26 2022 Paris, Madrid elapsed time: 0.015178 seconds (0d 0h 0m 0s)

---------------  T H R E A D  ---------------

Current thread (0x00000227ac68e920):  JavaThread "Unknown thread" [_thread_in_vm, id=12204, stack(0x0000006e62b00000,0x0000006e62c00000)]

Stack: [0x0000006e62b00000,0x0000006e62c00000]
Native frames: (J=compiled Java code, j=interpreted, Vv=VM code, C=native code)
V  [jvm.dll+0x67564a]
V  [jvm.dll+0x82fc04]
V  [jvm.dll+0x8313ae]
V  [jvm.dll+0x831a13]
V  [jvm.dll+0x245235]
V  [jvm.dll+0x672539]
V  [jvm.dll+0x666e82]
V  [jvm.dll+0x30401b]
V  [jvm.dll+0x30b566]
V  [jvm.dll+0x35b1fe]
V  [jvm.dll+0x35b42f]
V  [jvm.dll+0x2daf58]
V  [jvm.dll+0x2dbec4]
V  [jvm.dll+0x801881]
V  [jvm.dll+0x368f81]
V  [jvm.dll+0x7e0cdc]
V  [jvm.dll+0x3eb8bf]
V  [jvm.dll+0x3ed441]
C  [jli.dll+0x5277]
C  [ucrtbase.dll+0x29363]
C  [KERNEL32.DLL+0x1244d]
C  [ntdll.dll+0x5dfb8]


---------------  P R O C E S S  ---------------

Threads class SMR info:
_java_thread_list=0x00007ffc75075e98, length=0, elements={
}

Java Threads: ( => current thread )

Other Threads:
  0x00000227ae892fe0 GCTaskThread "GC Thread#0" [stack: 0x0000006e62c00000,0x0000006e62d00000] [id=1436]
  0x00000227ae8a3c60 ConcurrentGCThread "G1 Main Marker" [stack: 0x0000006e62d00000,0x0000006e62e00000] [id=12524]
  0x00000227ae8a4f70 ConcurrentGCThread "G1 Conc#0" [stack: 0x0000006e62e00000,0x0000006e62f00000] [id=7832]

[error occurred during error reporting (printing all threads), id 0xc0000005, EXCEPTION_ACCESS_VIOLATION (0xc0000005) at pc=0x00007ffc7484b9d7]

VM state: not at safepoint (not fully initialized)

VM Mutex/Monitor currently owned by a thread:  ([mutex/lock_event])
[0x00000227ac68ac20] Heap_lock - owner thread: 0x00000227ac68e920

Heap address: 0x0000000081600000, size: 2026 MB, Compressed Oops mode: 32-bit

CDS archive(s) mapped at: [0x0000000000000000-0x0000000000000000-0x0000000000000000), size 0, SharedBaseAddress: 0x0000000800000000, ArchiveRelocationMode: 0.
Narrow klass base: 0x0000000000000000, Narrow klass shift: 0, Narrow klass range: 0x0

GC Precious Log:
<Empty>

Heap:
 garbage-first heap   total 0K, used 0K [0x0000000081600000, 0x0000000100000000)
  region size 1024K, 0 young (0K), 0 survivors (0K)

[error occurred during error reporting (printing heap information), id 0xc0000005, EXCEPTION_ACCESS_VIOLATION (0xc0000005) at pc=0x00007ffc74c2e899]

GC Heap History (0 events):
No events

Deoptimization events (0 events):
No events

Classes unloaded (0 events):
No events

Classes redefined (0 events):
No events

Internal exceptions (0 events):
No events

VM Operations (0 events):
No events

Events (1 events):
Event: 0.007 Loaded shared library C:\Users\vinyssus\.p2\pool\plugins\org.eclipse.justj.openjdk.hotspot.jre.full.win32.x86_64_17.0.2.v20220201-1208\jre\bin\java.dll


Dynamic libraries:
0x00007ff61d410000 - 0x00007ff61d41e000 	C:\Users\vinyssus\.p2\pool\plugins\org.eclipse.justj.openjdk.hotspot.jre.full.win32.x86_64_17.0.2.v20220201-1208\jre\bin\javaw.exe
0x00007ffce7510000 - 0x00007ffce7724000 	C:\WINDOWS\SYSTEM32\ntdll.dll
0x00007ffce5bf0000 - 0x00007ffce5cb2000 	C:\WINDOWS\System32\KERNEL32.DLL
0x00007ffce4a50000 - 0x00007ffce4ded000 	C:\WINDOWS\System32\KERNELBASE.dll
0x00007ffce4df0000 - 0x00007ffce4f01000 	C:\WINDOWS\System32\ucrtbase.dll
0x00007ffcd4910000 - 0x00007ffcd4928000 	C:\Users\vinyssus\.p2\pool\plugins\org.eclipse.justj.openjdk.hotspot.jre.full.win32.x86_64_17.0.2.v20220201-1208\jre\bin\jli.dll
0x00007ffcc8bf0000 - 0x00007ffcc8c09000 	C:\Users\vinyssus\.p2\pool\plugins\org.eclipse.justj.openjdk.hotspot.jre.full.win32.x86_64_17.0.2.v20220201-1208\jre\bin\VCRUNTIME140.dll
0x00007ffce7090000 - 0x00007ffce723a000 	C:\WINDOWS\System32\USER32.dll
0x00007ffcd2020000 - 0x00007ffcd22ae000 	C:\WINDOWS\WinSxS\amd64_microsoft.windows.common-controls_6595b64144ccf1df_6.0.22621.608_none_a9444ca7c10bb01d\COMCTL32.dll
0x00007ffce5050000 - 0x00007ffce5076000 	C:\WINDOWS\System32\win32u.dll
0x00007ffce5bb0000 - 0x00007ffce5bd9000 	C:\WINDOWS\System32\GDI32.dll
0x00007ffce5b00000 - 0x00007ffce5ba7000 	C:\WINDOWS\System32\msvcrt.dll
0x00007ffce5080000 - 0x00007ffce5192000 	C:\WINDOWS\System32\gdi32full.dll
0x00007ffce4940000 - 0x00007ffce49da000 	C:\WINDOWS\System32\msvcp_win.dll
0x00007ffce5310000 - 0x00007ffce5342000 	C:\WINDOWS\System32\IMM32.DLL
0x00007ffce14d0000 - 0x00007ffce14dc000 	C:\Users\vinyssus\.p2\pool\plugins\org.eclipse.justj.openjdk.hotspot.jre.full.win32.x86_64_17.0.2.v20220201-1208\jre\bin\vcruntime140_1.dll
0x00007ffcc6ef0000 - 0x00007ffcc6f81000 	C:\Users\vinyssus\.p2\pool\plugins\org.eclipse.justj.openjdk.hotspot.jre.full.win32.x86_64_17.0.2.v20220201-1208\jre\bin\msvcp140.dll
0x00007ffc74560000 - 0x00007ffc751a7000 	C:\Users\vinyssus\.p2\pool\plugins\org.eclipse.justj.openjdk.hotspot.jre.full.win32.x86_64_17.0.2.v20220201-1208\jre\bin\server\jvm.dll
0x00007ffce57b0000 - 0x00007ffce585e000 	C:\WINDOWS\System32\ADVAPI32.dll
0x00007ffce5550000 - 0x00007ffce55f4000 	C:\WINDOWS\System32\sechost.dll
0x00007ffce6f70000 - 0x00007ffce7085000 	C:\WINDOWS\System32\RPCRT4.dll
0x00007ffce5be0000 - 0x00007ffce5be8000 	C:\WINDOWS\System32\PSAPI.DLL
0x00007ffcc4520000 - 0x00007ffcc4529000 	C:\WINDOWS\SYSTEM32\WSOCK32.dll
0x00007ffcde490000 - 0x00007ffcde4c4000 	C:\WINDOWS\SYSTEM32\WINMM.dll
0x00007ffcddba0000 - 0x00007ffcddbaa000 	C:\WINDOWS\SYSTEM32\VERSION.dll
0x00007ffce6d50000 - 0x00007ffce6dc1000 	C:\WINDOWS\System32\WS2_32.dll
0x00007ffce3a60000 - 0x00007ffce3a78000 	C:\WINDOWS\SYSTEM32\kernel.appcore.dll
0x00007ffcdff70000 - 0x00007ffcdff7a000 	C:\Users\vinyssus\.p2\pool\plugins\org.eclipse.justj.openjdk.hotspot.jre.full.win32.x86_64_17.0.2.v20220201-1208\jre\bin\jimage.dll
0x00007ffcd7f00000 - 0x00007ffcd812e000 	C:\WINDOWS\SYSTEM32\DBGHELP.DLL
0x00007ffce64a0000 - 0x00007ffce682a000 	C:\WINDOWS\System32\combase.dll
0x00007ffce5350000 - 0x00007ffce5427000 	C:\WINDOWS\System32\OLEAUT32.dll
0x00007ffcd7dc0000 - 0x00007ffcd7df2000 	C:\WINDOWS\SYSTEM32\dbgcore.DLL
0x00007ffce4fd0000 - 0x00007ffce504b000 	C:\WINDOWS\System32\bcryptPrimitives.dll
0x00007ffcd2df0000 - 0x00007ffcd2e15000 	C:\Users\vinyssus\.p2\pool\plugins\org.eclipse.justj.openjdk.hotspot.jre.full.win32.x86_64_17.0.2.v20220201-1208\jre\bin\java.dll

dbghelp: loaded successfully - version: 4.0.5 - missing functions: none
symbol engine: initialized successfully - sym options: 0x614 - pdb path: .;C:\Users\vinyssus\.p2\pool\plugins\org.eclipse.justj.openjdk.hotspot.jre.full.win32.x86_64_17.0.2.v20220201-1208\jre\bin;C:\WINDOWS\SYSTEM32;C:\WINDOWS\WinSxS\amd64_microsoft.windows.common-controls_6595b64144ccf1df_6.0.22621.608_none_a9444ca7c10bb01d;C:\Users\vinyssus\.p2\pool\plugins\org.eclipse.justj.openjdk.hotspot.jre.full.win32.x86_64_17.0.2.v20220201-1208\jre\bin\server

VM Arguments:
jvm_args: -Dfile.encoding=UTF-8 -XX:+ShowCodeDetailsInExceptionMessages 
java_command: com.spring.securityapi.SecurityapiApplication
java_class_path (initial): D:\Spring boot\securityapi\target\classes;C:\Users\vinyssus\.m2\repository\org\springframework\boot\spring-boot-starter-data-jpa\2.6.7\spring-boot-starter-data-jpa-2.6.7.jar;C:\Users\vinyssus\.m2\repository\org\springframework\boot\spring-boot-starter-aop\2.6.7\spring-boot-starter-aop-2.6.7.jar;C:\Users\vinyssus\.m2\repository\org\aspectj\aspectjweaver\1.9.7\aspectjweaver-1.9.7.jar;C:\Users\vinyssus\.m2\repository\org\springframework\boot\spring-boot-starter-jdbc\2.6.7\spring-boot-starter-jdbc-2.6.7.jar;C:\Users\vinyssus\.m2\repository\com\zaxxer\HikariCP\4.0.3\HikariCP-4.0.3.jar;C:\Users\vinyssus\.m2\repository\org\springframework\spring-jdbc\5.3.19\spring-jdbc-5.3.19.jar;C:\Users\vinyssus\.m2\repository\jakarta\transaction\jakarta.transaction-api\1.3.3\jakarta.transaction-api-1.3.3.jar;C:\Users\vinyssus\.m2\repository\jakarta\persistence\jakarta.persistence-api\2.2.3\jakarta.persistence-api-2.2.3.jar;C:\Users\vinyssus\.m2\repository\org\hibernate\hibernate-core\5.6.8.Final\hibernate-core-5.6.8.Final.jar;C:\Users\vinyssus\.m2\repository\org\jboss\logging\jboss-logging\3.4.3.Final\jboss-logging-3.4.3.Final.jar;C:\Users\vinyssus\.m2\repository\net\bytebuddy\byte-buddy\1.11.22\byte-buddy-1.11.22.jar;C:\Users\vinyssus\.m2\repository\antlr\antlr\2.7.7\antlr-2.7.7.jar;C:\Users\vinyssus\.m2\repository\org\jboss\jandex\2.4.2.Final\jandex-2.4.2.Final.jar;C:\Users\vinyssus\.m2\repository\com\fasterxml\classmate\1.5.1\classmate-1.5.1.jar;C:\Users\vinyssus\.m2\repository\org\hibernate\common\hibernate-commons-annotations\5.1.2.Final\hibernate-commons-annotations-5.1.2.Final.jar;C:\Users\vinyssus\.m2\repository\org\glassfish\jaxb\jaxb-runtime\2.3.6\jaxb-runtime-2.3.6.jar;C:\Users\vinyssus\.m2\repository\org\glassfish\jaxb\txw2\2.3.6\txw2-2.3.6.jar;C:\Users\vinyssus\.m2\repository\com\sun\istack\istack-commons-runtime\3.0.12\istack-commons-runtime-3.0.12.jar;C:\Users\vinyssus\.m2\repository\com\sun\activation\jakarta.activation\1.2.2\jakarta.activati
Launcher Type: SUN_STANDARD

[Global flags]
     intx CICompilerCount                          = 4                                         {product} {ergonomic}
     uint ConcGCThreads                            = 2                                         {product} {ergonomic}
     uint G1ConcRefinementThreads                  = 8                                         {product} {ergonomic}
   size_t G1HeapRegionSize                         = 1048576                                   {product} {ergonomic}
    uintx GCDrainStackTargetSize                   = 64                                        {product} {ergonomic}
   size_t InitialHeapSize                          = 134217728                                 {product} {ergonomic}
   size_t MarkStackSize                            = 4194304                                   {product} {ergonomic}
   size_t MaxHeapSize                              = 2124414976                                {product} {ergonomic}
   size_t MinHeapDeltaBytes                        = 1048576                                   {product} {ergonomic}
   size_t MinHeapSize                              = 8388608                                   {product} {ergonomic}
    uintx NonNMethodCodeHeapSize                   = 5839372                                {pd product} {ergonomic}
    uintx NonProfiledCodeHeapSize                  = 122909434                              {pd product} {ergonomic}
    uintx ProfiledCodeHeapSize                     = 122909434                              {pd product} {ergonomic}
    uintx ReservedCodeCacheSize                    = 251658240                              {pd product} {ergonomic}
     bool SegmentedCodeCache                       = true                                      {product} {ergonomic}
     bool ShowCodeDetailsInExceptionMessages       = true                                   {manageable} {command line}
   size_t SoftMaxHeapSize                          = 2124414976                             {manageable} {ergonomic}
     bool UseCompressedClassPointers               = true                           {product lp64_product} {ergonomic}
     bool UseCompressedOops                        = true                           {product lp64_product} {ergonomic}
     bool UseG1GC                                  = true                                      {product} {ergonomic}
     bool UseLargePagesIndividualAllocation        = false                                  {pd product} {ergonomic}

Logging:
Log output configuration:
 #0: stdout all=warning uptime,level,tags
 #1: stderr all=off uptime,level,tags

Environment Variables:
JAVA_HOME=C:\Program Files\Java\jdk1.8.0_341\bin
PATH=C:/Users/vinyssus/.p2/pool/plugins/org.eclipse.justj.openjdk.hotspot.jre.full.win32.x86_64_17.0.2.v20220201-1208/jre/bin/server;C:/Users/vinyssus/.p2/pool/plugins/org.eclipse.justj.openjdk.hotspot.jre.full.win32.x86_64_17.0.2.v20220201-1208/jre/bin;C:\Program Files (x86)\Common Files\Oracle\Java\javapath;C:\WINDOWS\system32;C:\WINDOWS;C:\WINDOWS\System32\Wbem;C:\WINDOWS\System32\WindowsPowerShell\v1.0\;C:\WINDOWS\System32\OpenSSH\;C:\Program Files\Git\cmd;C:\Program Files\nodejs\;C:\xampp\php;C:\ProgramData\ComposerSetup\bin;C:\src\flutter\bin;C:\Program Files\Docker\Docker\resources\bin;C:\ProgramData\DockerDesktop\version-bin;C:\Program Files\dotnet\;C:\apache-cassandra-3.11.14\bin;C:\Python27;C:\Program Files\Java\jdk1.8.0_341\bin;C:\Users\vinyssus\scoop\shims;C:\Users\vinyssus\AppData\Local\Microsoft\WindowsApps;;C:\Users\vinyssus\AppData\Local\Programs\Microsoft VS Code\bin;C:\Users\vinyssus\AppData\Roaming\npm;C:\Users\vinyssus\AppData\Roaming\Composer\vendor\bin;C:\Users\vinyssus\AppData\Local\Microsoft\WindowsApps;C:\Program Files\heroku\bin;C:\Users\vinyssus\.dotnet\tools;C:\Program Files\JetBrains\IntelliJ IDEA 2022.2.3\bin;;C:\Program Files\JetBrains\IntelliJ IDEA Community Edition 2022.2.3\bin;;C:\Users\vinyssus\Desktop;
USERNAME=vinyssus
OS=Windows_NT
PROCESSOR_IDENTIFIER=Intel64 Family 6 Model 142 Stepping 10, GenuineIntel



---------------  S Y S T E M  ---------------

OS:
 Windows 11 , 64 bit Build 22621 (10.0.22621.755)
OS uptime: 1 days 14:40 hours
Hyper-V role detected

CPU: total 8 (initial active 8) (4 cores per cpu, 2 threads per core) family 6 model 142 stepping 10 microcode 0xe0, cx8, cmov, fxsr, ht, mmx, 3dnowpref, sse, sse2, sse3, ssse3, sse4.1, sse4.2, popcnt, lzcnt, tsc, tscinvbit, avx, avx2, aes, erms, clmul, bmi1, bmi2, adx, fma, vzeroupper, clflush, clflushopt, hv

Memory: 4k page, system-wide physical 8101M (807M free)
TotalPageFile size 10149M (AvailPageFile size 114M)
current process WorkingSet (physical memory assigned to process): 11M, peak: 11M
current process commit charge ("private bytes"): 60M, peak: 188M

vm_info: OpenJDK 64-Bit Server VM (17.0.2+8) for windows-amd64 JRE (17.0.2+8), built on Jan 20 2022 04:52:34 by "" with MS VC++ 16.7 (VS2019)

END.
