#
# There is insufficient memory for the Java Runtime Environment to continue.
# Native memory allocation (mmap) failed to map 79691776 bytes for G1 virtual space
# Possible reasons:
#   The system is out of physical RAM or swap space
#   The process is running with CompressedOops enabled, and the Java Heap may be blocking the growth of the native heap
# Possible solutions:
#   Reduce memory load on the system
#   Increase physical memory or swap space
#   Check if swap backing store is full
#   Decrease Java heap size (-Xmx/-Xms)
#   Decrease number of Java threads
#   Decrease Java thread stack sizes (-Xss)
#   Set larger code cache with -XX:ReservedCodeCacheSize=
#   JVM is running with Unscaled Compressed Oops mode in which the Java heap is
#     placed in the first 4GB address space. The Java Heap base address is the
#     maximum limit for the native heap growth. Please use -XX:HeapBaseMinAddress
#     to set the Java Heap base and to place the Java Heap above 4GB virtual address.
# This output file may be truncated or incomplete.
#
#  Out of Memory Error (os_windows.cpp:3532), pid=13812, tid=13964
#
# JRE version: OpenJDK Runtime Environment Temurin-17.0.2+8 (17.0.2+8) (build 17.0.2+8)
# Java VM: OpenJDK 64-Bit Server VM Temurin-17.0.2+8 (17.0.2+8, mixed mode, tiered, compressed oops, compressed class ptrs, g1 gc, windows-amd64)
# No core dump will be written. Minidumps are not enabled by default on client versions of Windows
#

---------------  S U M M A R Y ------------

Command Line: -Dfile.encoding=UTF-8 -XX:+ShowCodeDetailsInExceptionMessages com.spring.securityapi.SecurityapiApplication

Host: Intel(R) Core(TM) i7-8550U CPU @ 1.80GHz, 8 cores, 7G,  Windows 11 , 64 bit Build 22621 (10.0.22621.1105)
Time: Tue Jan 17 14:34:30 2023 Paris, Madrid elapsed time: 11.506190 seconds (0d 0h 0m 11s)

---------------  T H R E A D  ---------------

Current thread (0x0000022927263b70):  VMThread "VM Thread" [stack: 0x000000b91d400000,0x000000b91d500000] [id=13964]

Stack: [0x000000b91d400000,0x000000b91d500000]
Native frames: (J=compiled Java code, j=interpreted, Vv=VM code, C=native code)
V  [jvm.dll+0x67564a]
V  [jvm.dll+0x82fc04]
V  [jvm.dll+0x8313ae]
V  [jvm.dll+0x831a13]
V  [jvm.dll+0x245235]
V  [jvm.dll+0x672539]
V  [jvm.dll+0x666e82]
V  [jvm.dll+0x30401b]
V  [jvm.dll+0x30b566]
V  [jvm.dll+0x35b1fe]
V  [jvm.dll+0x35b42f]
V  [jvm.dll+0x2daf58]
V  [jvm.dll+0x2d920c]
V  [jvm.dll+0x2d87dc]
V  [jvm.dll+0x31c61b]
V  [jvm.dll+0x835ebb]
V  [jvm.dll+0x836bf4]
V  [jvm.dll+0x83710c]
V  [jvm.dll+0x8374e4]
V  [jvm.dll+0x8375b0]
V  [jvm.dll+0x7dff2a]
V  [jvm.dll+0x6744d5]
C  [ucrtbase.dll+0x29363]
C  [KERNEL32.DLL+0x126bd]
C  [ntdll.dll+0x5dfb8]

VM_Operation (0x000000b91e4fae40): G1CollectForAllocation, mode: safepoint, requested by thread 0x0000022929e23b50


---------------  P R O C E S S  ---------------

Threads class SMR info:
_java_thread_list=0x000002292e644290, length=21, elements={
0x000002290d2af650, 0x0000022927264090, 0x0000022927c3d050, 0x000002292726d300,
0x000002292726dbc0, 0x0000022927c6d430, 0x0000022927c76320, 0x0000022927c7a8d0,
0x0000022927c7b370, 0x0000022927c7e180, 0x0000022927de54d0, 0x0000022927df17c0,
0x0000022929e6efd0, 0x0000022929e23b50, 0x000002292e442080, 0x000002292c6b71f0,
0x000002292e388040, 0x000002292a5b0520, 0x000002292a5b09f0, 0x000002292b1a54f0,
0x000002292b1a8ca0
}

Java Threads: ( => current thread )
  0x000002290d2af650 JavaThread "main" [_thread_blocked, id=12876, stack(0x000000b91ce00000,0x000000b91cf00000)]
  0x0000022927264090 JavaThread "Reference Handler" daemon [_thread_blocked, id=3332, stack(0x000000b91d500000,0x000000b91d600000)]
  0x0000022927c3d050 JavaThread "Finalizer" daemon [_thread_blocked, id=15996, stack(0x000000b91d600000,0x000000b91d700000)]
  0x000002292726d300 JavaThread "Signal Dispatcher" daemon [_thread_blocked, id=17400, stack(0x000000b91d700000,0x000000b91d800000)]
  0x000002292726dbc0 JavaThread "Attach Listener" daemon [_thread_blocked, id=4732, stack(0x000000b91d800000,0x000000b91d900000)]
  0x0000022927c6d430 JavaThread "Service Thread" daemon [_thread_blocked, id=10388, stack(0x000000b91d900000,0x000000b91da00000)]
  0x0000022927c76320 JavaThread "Monitor Deflation Thread" daemon [_thread_blocked, id=10616, stack(0x000000b91da00000,0x000000b91db00000)]
  0x0000022927c7a8d0 JavaThread "C2 CompilerThread0" daemon [_thread_blocked, id=3008, stack(0x000000b91db00000,0x000000b91dc00000)]
  0x0000022927c7b370 JavaThread "C1 CompilerThread0" daemon [_thread_blocked, id=6296, stack(0x000000b91dc00000,0x000000b91dd00000)]
  0x0000022927c7e180 JavaThread "Sweeper thread" daemon [_thread_blocked, id=1572, stack(0x000000b91dd00000,0x000000b91de00000)]
  0x0000022927de54d0 JavaThread "Notification Thread" daemon [_thread_blocked, id=11752, stack(0x000000b91de00000,0x000000b91df00000)]
  0x0000022927df17c0 JavaThread "Common-Cleaner" daemon [_thread_blocked, id=1104, stack(0x000000b91e000000,0x000000b91e100000)]
  0x0000022929e6efd0 JavaThread "Thread-0" [_thread_blocked, id=11964, stack(0x000000b91e300000,0x000000b91e400000)]
  0x0000022929e23b50 JavaThread "restartedMain" [_thread_blocked, id=11272, stack(0x000000b91e400000,0x000000b91e500000)]
  0x000002292e442080 JavaThread "Catalina-utility-1" [_thread_blocked, id=5908, stack(0x000000b91eb00000,0x000000b91ec00000)]
  0x000002292c6b71f0 JavaThread "Catalina-utility-2" [_thread_blocked, id=2104, stack(0x000000b91ef00000,0x000000b91f000000)]
  0x000002292e388040 JavaThread "container-0" [_thread_blocked, id=6260, stack(0x000000b91f000000,0x000000b91f100000)]
  0x000002292a5b0520 JavaThread "mysql-cj-abandoned-connection-cleanup" daemon [_thread_blocked, id=16236, stack(0x000000b91f100000,0x000000b91f200000)]
  0x000002292a5b09f0 JavaThread "HikariPool-1 housekeeper" daemon [_thread_blocked, id=13760, stack(0x000000b91f300000,0x000000b91f400000)]
  0x000002292b1a54f0 JavaThread "C2 CompilerThread1" daemon [_thread_blocked, id=16732, stack(0x000000b91e100000,0x000000b91e200000)]
  0x000002292b1a8ca0 JavaThread "C2 CompilerThread2" daemon [_thread_blocked, id=8804, stack(0x000000b91e200000,0x000000b91e300000)]

Other Threads:
=>0x0000022927263b70 VMThread "VM Thread" [stack: 0x000000b91d400000,0x000000b91d500000] [id=13964]
  0x000002290d34fc50 WatcherThread [stack: 0x000000b91df00000,0x000000b91e000000] [id=10260]
  0x000002290d2f27a0 GCTaskThread "GC Thread#0" [stack: 0x000000b91cf00000,0x000000b91d000000] [id=10624]
  0x000002292a3a72e0 GCTaskThread "GC Thread#1" [stack: 0x000000b91e500000,0x000000b91e600000] [id=10516]
  0x0000022929f319e0 GCTaskThread "GC Thread#2" [stack: 0x000000b91e600000,0x000000b91e700000] [id=14884]
  0x000002292a3a7590 GCTaskThread "GC Thread#3" [stack: 0x000000b91e700000,0x000000b91e800000] [id=12128]
  0x00000229294a0ed0 GCTaskThread "GC Thread#4" [stack: 0x000000b91e800000,0x000000b91e900000] [id=2772]
  0x00000229297bb0c0 GCTaskThread "GC Thread#5" [stack: 0x000000b91e900000,0x000000b91ea00000] [id=4280]
  0x000002292a16ff20 GCTaskThread "GC Thread#6" [stack: 0x000000b91ec00000,0x000000b91ed00000] [id=17000]
  0x000002292a18c880 GCTaskThread "GC Thread#7" [stack: 0x000000b91ed00000,0x000000b91ee00000] [id=15960]
  0x000002290d3417b0 ConcurrentGCThread "G1 Main Marker" [stack: 0x000000b91d000000,0x000000b91d100000] [id=10820]
  0x000002290d344080 ConcurrentGCThread "G1 Conc#0" [stack: 0x000000b91d100000,0x000000b91d200000] [id=5100]
  0x000002292a659c70 ConcurrentGCThread "G1 Conc#1" [stack: 0x000000b91ee00000,0x000000b91ef00000] [id=17376]
  0x00000229270d3040 ConcurrentGCThread "G1 Refine#0" [stack: 0x000000b91d200000,0x000000b91d300000] [id=12444]
  0x00000229297bc7a0 ConcurrentGCThread "G1 Refine#1" [stack: 0x000000b91ea00000,0x000000b91eb00000] [id=17140]
  0x00000229270d4d10 ConcurrentGCThread "G1 Service" [stack: 0x000000b91d300000,0x000000b91d400000] [id=16196]

Threads with active compile tasks:
C2 CompilerThread0    11574 6235 % !   4       org.springframework.beans.factory.support.DefaultListableBeanFactory::doGetBeanNamesForType @ 20 (511 bytes)
C2 CompilerThread1    11574 6181 %     4       org.springframework.util.ReflectionUtils::findMethod @ 51 (109 bytes)
C2 CompilerThread2    11574 6204   !   4       org.springframework.util.ReflectionUtils::getDeclaredMethods (209 bytes)

VM state: at safepoint (normal execution)

VM Mutex/Monitor currently owned by a thread:  ([mutex/lock_event])
[0x000002290d2ab3d0] Threads_lock - owner thread: 0x0000022927263b70
[0x000002290d2ab220] Heap_lock - owner thread: 0x0000022929e23b50

Heap address: 0x0000000081600000, size: 2026 MB, Compressed Oops mode: 32-bit

CDS archive(s) not mapped
Compressed class space mapped at: 0x0000000100000000-0x0000000140000000, reserved size: 1073741824
Narrow klass base: 0x0000000000000000, Narrow klass shift: 3, Narrow klass range: 0x140000000

GC Precious Log:
 CPUs: 8 total, 8 available
 Memory: 8101M
 Large Page Support: Disabled
 NUMA Support: Disabled
 Compressed Oops: Enabled (32-bit)
 Heap Region Size: 1M
 Heap Min Capacity: 8M
 Heap Initial Capacity: 128M
 Heap Max Capacity: 2026M
 Pre-touch: Disabled
 Parallel Workers: 8
 Concurrent Workers: 2
 Concurrent Refinement Workers: 8
 Periodic GC: Disabled

Heap:
 garbage-first heap   total 131072K, used 59797K [0x0000000081600000, 0x0000000100000000)
  region size 1024K, 1 young (1024K), 1 survivors (1024K)
 Metaspace       used 70508K, committed 70912K, reserved 1114112K
  class space    used 9013K, committed 9216K, reserved 1048576K

Heap Regions: E=young(eden), S=young(survivor), O=old, HS=humongous(starts), HC=humongous(continues), CS=collection set, F=free, OA=open archive, CA=closed archive, TAMS=top-at-mark-start (previous, next)
|   0|0x0000000081600000, 0x0000000081700000, 0x0000000081700000|100%|HS|  |TAMS 0x0000000081700000, 0x0000000081600000| Complete 
|   1|0x0000000081700000, 0x0000000081800000, 0x0000000081800000|100%| O|  |TAMS 0x0000000081800000, 0x0000000081700000| Untracked 
|   2|0x0000000081800000, 0x0000000081900000, 0x0000000081900000|100%| O|  |TAMS 0x0000000081900000, 0x0000000081800000| Untracked 
|   3|0x0000000081900000, 0x0000000081a00000, 0x0000000081a00000|100%| O|  |TAMS 0x0000000081a00000, 0x0000000081900000| Untracked 
|   4|0x0000000081a00000, 0x0000000081b00000, 0x0000000081b00000|100%| O|  |TAMS 0x0000000081b00000, 0x0000000081a00000| Untracked 
|   5|0x0000000081b00000, 0x0000000081c00000, 0x0000000081c00000|100%| O|  |TAMS 0x0000000081c00000, 0x0000000081b00000| Untracked 
|   6|0x0000000081c00000, 0x0000000081d00000, 0x0000000081d00000|100%| O|  |TAMS 0x0000000081d00000, 0x0000000081c00000| Untracked 
|   7|0x0000000081d00000, 0x0000000081e00000, 0x0000000081e00000|100%| O|  |TAMS 0x0000000081e00000, 0x0000000081d00000| Untracked 
|   8|0x0000000081e00000, 0x0000000081f00000, 0x0000000081f00000|100%| O|  |TAMS 0x0000000081f00000, 0x0000000081e00000| Untracked 
|   9|0x0000000081f00000, 0x0000000082000000, 0x0000000082000000|100%| O|  |TAMS 0x0000000082000000, 0x0000000081f00000| Untracked 
|  10|0x0000000082000000, 0x0000000082100000, 0x0000000082100000|100%| O|  |TAMS 0x0000000082100000, 0x0000000082000000| Untracked 
|  11|0x0000000082100000, 0x0000000082200000, 0x0000000082200000|100%| O|  |TAMS 0x0000000082200000, 0x0000000082100000| Untracked 
|  12|0x0000000082200000, 0x0000000082300000, 0x0000000082300000|100%| O|  |TAMS 0x0000000082300000, 0x0000000082200000| Untracked 
|  13|0x0000000082300000, 0x0000000082400000, 0x0000000082400000|100%| O|  |TAMS 0x0000000082400000, 0x0000000082300000| Untracked 
|  14|0x0000000082400000, 0x0000000082500000, 0x0000000082500000|100%| O|  |TAMS 0x0000000082500000, 0x0000000082400000| Untracked 
|  15|0x0000000082500000, 0x0000000082600000, 0x0000000082600000|100%| O|  |TAMS 0x0000000082600000, 0x0000000082500000| Untracked 
|  16|0x0000000082600000, 0x0000000082700000, 0x0000000082700000|100%| O|  |TAMS 0x0000000082700000, 0x0000000082600000| Untracked 
|  17|0x0000000082700000, 0x0000000082800000, 0x0000000082800000|100%| O|  |TAMS 0x0000000082800000, 0x0000000082700000| Untracked 
|  18|0x0000000082800000, 0x0000000082900000, 0x0000000082900000|100%| O|  |TAMS 0x0000000082900000, 0x0000000082800000| Untracked 
|  19|0x0000000082900000, 0x0000000082a00000, 0x0000000082a00000|100%| O|  |TAMS 0x0000000082a00000, 0x0000000082900000| Untracked 
|  20|0x0000000082a00000, 0x0000000082b00000, 0x0000000082b00000|100%| O|  |TAMS 0x0000000082b00000, 0x0000000082a00000| Untracked 
|  21|0x0000000082b00000, 0x0000000082c00000, 0x0000000082c00000|100%| O|  |TAMS 0x0000000082c00000, 0x0000000082b00000| Untracked 
|  22|0x0000000082c00000, 0x0000000082d00000, 0x0000000082d00000|100%| O|  |TAMS 0x0000000082d00000, 0x0000000082c00000| Untracked 
|  23|0x0000000082d00000, 0x0000000082e00000, 0x0000000082e00000|100%| O|  |TAMS 0x0000000082e00000, 0x0000000082d00000| Untracked 
|  24|0x0000000082e00000, 0x0000000082f00000, 0x0000000082f00000|100%| O|  |TAMS 0x0000000082f00000, 0x0000000082e00000| Untracked 
|  25|0x0000000082f00000, 0x0000000083000000, 0x0000000083000000|100%| O|  |TAMS 0x0000000083000000, 0x0000000082f00000| Untracked 
|  26|0x0000000083000000, 0x0000000083100000, 0x0000000083100000|100%| O|  |TAMS 0x0000000083100000, 0x0000000083000000| Untracked 
|  27|0x0000000083100000, 0x0000000083200000, 0x0000000083200000|100%| O|  |TAMS 0x0000000083200000, 0x0000000083100000| Untracked 
|  28|0x0000000083200000, 0x0000000083300000, 0x0000000083300000|100%| O|  |TAMS 0x0000000083300000, 0x0000000083200000| Untracked 
|  29|0x0000000083300000, 0x0000000083400000, 0x0000000083400000|100%| O|  |TAMS 0x0000000083400000, 0x0000000083300000| Untracked 
|  30|0x0000000083400000, 0x0000000083500000, 0x0000000083500000|100%| O|  |TAMS 0x0000000083500000, 0x0000000083400000| Untracked 
|  31|0x0000000083500000, 0x0000000083600000, 0x0000000083600000|100%| O|  |TAMS 0x0000000083600000, 0x0000000083500000| Untracked 
|  32|0x0000000083600000, 0x0000000083700000, 0x0000000083700000|100%| O|  |TAMS 0x0000000083700000, 0x0000000083600000| Untracked 
|  33|0x0000000083700000, 0x0000000083800000, 0x0000000083800000|100%| O|  |TAMS 0x0000000083800000, 0x0000000083700000| Untracked 
|  34|0x0000000083800000, 0x0000000083900000, 0x0000000083900000|100%| O|  |TAMS 0x0000000083900000, 0x0000000083800000| Untracked 
|  35|0x0000000083900000, 0x0000000083a00000, 0x0000000083a00000|100%| O|  |TAMS 0x0000000083a00000, 0x0000000083900000| Untracked 
|  36|0x0000000083a00000, 0x0000000083b00000, 0x0000000083b00000|100%| O|  |TAMS 0x0000000083b00000, 0x0000000083a00000| Untracked 
|  37|0x0000000083b00000, 0x0000000083c00000, 0x0000000083c00000|100%| O|  |TAMS 0x0000000083b00000, 0x0000000083b00000| Untracked 
|  38|0x0000000083c00000, 0x0000000083c00000, 0x0000000083d00000|  0%| F|  |TAMS 0x0000000083c00000, 0x0000000083c00000| Untracked 
|  39|0x0000000083d00000, 0x0000000083d00000, 0x0000000083e00000|  0%| F|  |TAMS 0x0000000083d00000, 0x0000000083d00000| Untracked 
|  40|0x0000000083e00000, 0x0000000083e00000, 0x0000000083f00000|  0%| F|  |TAMS 0x0000000083e00000, 0x0000000083e00000| Untracked 
|  41|0x0000000083f00000, 0x0000000083f00000, 0x0000000084000000|  0%| F|  |TAMS 0x0000000083f00000, 0x0000000083f00000| Untracked 
|  42|0x0000000084000000, 0x0000000084100000, 0x0000000084100000|100%| O|  |TAMS 0x0000000084000000, 0x0000000084000000| Untracked 
|  43|0x0000000084100000, 0x0000000084200000, 0x0000000084200000|100%| O|  |TAMS 0x0000000084100000, 0x0000000084100000| Untracked 
|  44|0x0000000084200000, 0x0000000084300000, 0x0000000084300000|100%| O|  |TAMS 0x0000000084200000, 0x0000000084200000| Untracked 
|  45|0x0000000084300000, 0x0000000084300000, 0x0000000084400000|  0%| F|  |TAMS 0x0000000084300000, 0x0000000084300000| Untracked 
|  46|0x0000000084400000, 0x0000000084400000, 0x0000000084500000|  0%| F|  |TAMS 0x0000000084400000, 0x0000000084400000| Untracked 
|  47|0x0000000084500000, 0x0000000084600000, 0x0000000084600000|100%| O|  |TAMS 0x0000000084600000, 0x0000000084500000| Untracked 
|  48|0x0000000084600000, 0x0000000084700000, 0x0000000084700000|100%| O|  |TAMS 0x0000000084700000, 0x0000000084600000| Untracked 
|  49|0x0000000084700000, 0x0000000084800000, 0x0000000084800000|100%| O|  |TAMS 0x0000000084800000, 0x0000000084700000| Untracked 
|  50|0x0000000084800000, 0x0000000084900000, 0x0000000084900000|100%| O|  |TAMS 0x0000000084900000, 0x0000000084800000| Untracked 
|  51|0x0000000084900000, 0x0000000084a00000, 0x0000000084a00000|100%| O|  |TAMS 0x0000000084a00000, 0x0000000084900000| Untracked 
|  52|0x0000000084a00000, 0x0000000084b00000, 0x0000000084b00000|100%| O|  |TAMS 0x0000000084b00000, 0x0000000084a00000| Untracked 
|  53|0x0000000084b00000, 0x0000000084c00000, 0x0000000084c00000|100%| O|  |TAMS 0x0000000084c00000, 0x0000000084b00000| Untracked 
|  54|0x0000000084c00000, 0x0000000084c00000, 0x0000000084d00000|  0%| F|  |TAMS 0x0000000084c00000, 0x0000000084c00000| Untracked 
|  55|0x0000000084d00000, 0x0000000084d00000, 0x0000000084e00000|  0%| F|  |TAMS 0x0000000084d00000, 0x0000000084d00000| Untracked 
|  56|0x0000000084e00000, 0x0000000084e00000, 0x0000000084f00000|  0%| F|  |TAMS 0x0000000084e00000, 0x0000000084e00000| Untracked 
|  57|0x0000000084f00000, 0x0000000085000000, 0x0000000085000000|100%| O|  |TAMS 0x0000000084f7a800, 0x0000000084f00000| Untracked 
|  58|0x0000000085000000, 0x0000000085100000, 0x0000000085100000|100%| O|  |TAMS 0x0000000085000000, 0x0000000085000000| Untracked 
|  59|0x0000000085100000, 0x0000000085200000, 0x0000000085200000|100%| O|  |TAMS 0x0000000085100000, 0x0000000085100000| Untracked 
|  60|0x0000000085200000, 0x0000000085300000, 0x0000000085300000|100%| O|  |TAMS 0x0000000085200000, 0x0000000085200000| Untracked 
|  61|0x0000000085300000, 0x0000000085400000, 0x0000000085400000|100%| O|  |TAMS 0x0000000085300000, 0x0000000085300000| Untracked 
|  62|0x0000000085400000, 0x0000000085500000, 0x0000000085500000|100%| O|  |TAMS 0x0000000085400000, 0x0000000085400000| Untracked 
|  63|0x0000000085500000, 0x0000000085600000, 0x0000000085600000|100%| O|  |TAMS 0x0000000085500000, 0x0000000085500000| Untracked 
|  64|0x0000000085600000, 0x0000000085700000, 0x0000000085700000|100%| O|  |TAMS 0x0000000085600000, 0x0000000085600000| Untracked 
|  65|0x0000000085700000, 0x0000000085800000, 0x0000000085800000|100%| O|  |TAMS 0x0000000085700000, 0x0000000085700000| Untracked 
|  66|0x0000000085800000, 0x00000000858e1400, 0x0000000085900000| 87%| O|  |TAMS 0x0000000085800000, 0x0000000085800000| Untracked 
|  67|0x0000000085900000, 0x0000000085900000, 0x0000000085a00000|  0%| F|  |TAMS 0x0000000085900000, 0x0000000085900000| Untracked 
|  68|0x0000000085a00000, 0x0000000085a00000, 0x0000000085b00000|  0%| F|  |TAMS 0x0000000085a00000, 0x0000000085a00000| Untracked 
|  69|0x0000000085b00000, 0x0000000085b00000, 0x0000000085c00000|  0%| F|  |TAMS 0x0000000085b00000, 0x0000000085b00000| Untracked 
|  70|0x0000000085c00000, 0x0000000085c00000, 0x0000000085d00000|  0%| F|  |TAMS 0x0000000085c00000, 0x0000000085c00000| Untracked 
|  71|0x0000000085d00000, 0x0000000085d00000, 0x0000000085e00000|  0%| F|  |TAMS 0x0000000085d00000, 0x0000000085d00000| Untracked 
|  72|0x0000000085e00000, 0x0000000085e00000, 0x0000000085f00000|  0%| F|  |TAMS 0x0000000085e00000, 0x0000000085e00000| Untracked 
|  73|0x0000000085f00000, 0x0000000085f00000, 0x0000000086000000|  0%| F|  |TAMS 0x0000000085f00000, 0x0000000085f00000| Untracked 
|  74|0x0000000086000000, 0x0000000086000000, 0x0000000086100000|  0%| F|  |TAMS 0x0000000086000000, 0x0000000086000000| Untracked 
|  75|0x0000000086100000, 0x0000000086100000, 0x0000000086200000|  0%| F|  |TAMS 0x0000000086100000, 0x0000000086100000| Untracked 
|  76|0x0000000086200000, 0x0000000086200000, 0x0000000086300000|  0%| F|  |TAMS 0x0000000086200000, 0x0000000086200000| Untracked 
|  77|0x0000000086300000, 0x0000000086300000, 0x0000000086400000|  0%| F|  |TAMS 0x0000000086300000, 0x0000000086300000| Untracked 
|  78|0x0000000086400000, 0x0000000086400000, 0x0000000086500000|  0%| F|  |TAMS 0x0000000086400000, 0x0000000086400000| Untracked 
|  79|0x0000000086500000, 0x0000000086500000, 0x0000000086600000|  0%| F|  |TAMS 0x0000000086500000, 0x0000000086500000| Untracked 
|  80|0x0000000086600000, 0x0000000086600000, 0x0000000086700000|  0%| F|  |TAMS 0x0000000086600000, 0x0000000086600000| Untracked 
|  81|0x0000000086700000, 0x0000000086700000, 0x0000000086800000|  0%| F|  |TAMS 0x0000000086700000, 0x0000000086700000| Untracked 
|  82|0x0000000086800000, 0x0000000086800000, 0x0000000086900000|  0%| F|  |TAMS 0x0000000086800000, 0x0000000086800000| Untracked 
|  83|0x0000000086900000, 0x0000000086900000, 0x0000000086a00000|  0%| F|  |TAMS 0x0000000086900000, 0x0000000086900000| Untracked 
|  84|0x0000000086a00000, 0x0000000086a00000, 0x0000000086b00000|  0%| F|  |TAMS 0x0000000086a00000, 0x0000000086a00000| Untracked 
|  85|0x0000000086b00000, 0x0000000086b00000, 0x0000000086c00000|  0%| F|  |TAMS 0x0000000086b00000, 0x0000000086b00000| Untracked 
|  86|0x0000000086c00000, 0x0000000086c00000, 0x0000000086d00000|  0%| F|  |TAMS 0x0000000086c00000, 0x0000000086c00000| Untracked 
|  87|0x0000000086d00000, 0x0000000086d00000, 0x0000000086e00000|  0%| F|  |TAMS 0x0000000086d00000, 0x0000000086d00000| Untracked 
|  88|0x0000000086e00000, 0x0000000086e00000, 0x0000000086f00000|  0%| F|  |TAMS 0x0000000086e00000, 0x0000000086e00000| Untracked 
|  89|0x0000000086f00000, 0x0000000086f00000, 0x0000000087000000|  0%| F|  |TAMS 0x0000000086f00000, 0x0000000086f00000| Untracked 
|  90|0x0000000087000000, 0x0000000087000000, 0x0000000087100000|  0%| F|  |TAMS 0x0000000087000000, 0x0000000087000000| Untracked 
|  91|0x0000000087100000, 0x0000000087100000, 0x0000000087200000|  0%| F|  |TAMS 0x0000000087100000, 0x0000000087100000| Untracked 
|  92|0x0000000087200000, 0x0000000087200000, 0x0000000087300000|  0%| F|  |TAMS 0x0000000087200000, 0x0000000087200000| Untracked 
|  93|0x0000000087300000, 0x0000000087300000, 0x0000000087400000|  0%| F|  |TAMS 0x0000000087300000, 0x0000000087300000| Untracked 
|  94|0x0000000087400000, 0x0000000087400000, 0x0000000087500000|  0%| F|  |TAMS 0x0000000087400000, 0x0000000087400000| Untracked 
|  95|0x0000000087500000, 0x0000000087500000, 0x0000000087600000|  0%| F|  |TAMS 0x0000000087500000, 0x0000000087500000| Untracked 
|  96|0x0000000087600000, 0x0000000087600000, 0x0000000087700000|  0%| F|  |TAMS 0x0000000087600000, 0x0000000087600000| Untracked 
|  97|0x0000000087700000, 0x0000000087700000, 0x0000000087800000|  0%| F|  |TAMS 0x0000000087700000, 0x0000000087700000| Untracked 
|  98|0x0000000087800000, 0x0000000087800000, 0x0000000087900000|  0%| F|  |TAMS 0x0000000087800000, 0x0000000087800000| Untracked 
|  99|0x0000000087900000, 0x0000000087900000, 0x0000000087a00000|  0%| F|  |TAMS 0x0000000087900000, 0x0000000087900000| Untracked 
| 100|0x0000000087a00000, 0x0000000087a00000, 0x0000000087b00000|  0%| F|  |TAMS 0x0000000087a00000, 0x0000000087a00000| Untracked 
| 101|0x0000000087b00000, 0x0000000087b00000, 0x0000000087c00000|  0%| F|  |TAMS 0x0000000087b00000, 0x0000000087b00000| Untracked 
| 102|0x0000000087c00000, 0x0000000087c00000, 0x0000000087d00000|  0%| F|  |TAMS 0x0000000087c00000, 0x0000000087c00000| Untracked 
| 103|0x0000000087d00000, 0x0000000087d00000, 0x0000000087e00000|  0%| F|  |TAMS 0x0000000087d00000, 0x0000000087d00000| Untracked 
| 104|0x0000000087e00000, 0x0000000087e00000, 0x0000000087f00000|  0%| F|  |TAMS 0x0000000087e00000, 0x0000000087e00000| Untracked 
| 105|0x0000000087f00000, 0x0000000087f00000, 0x0000000088000000|  0%| F|  |TAMS 0x0000000087f00000, 0x0000000087f00000| Untracked 
| 106|0x0000000088000000, 0x0000000088000000, 0x0000000088100000|  0%| F|  |TAMS 0x0000000088000000, 0x0000000088000000| Untracked 
| 107|0x0000000088100000, 0x0000000088100000, 0x0000000088200000|  0%| F|  |TAMS 0x0000000088100000, 0x0000000088100000| Untracked 
| 108|0x0000000088200000, 0x0000000088200000, 0x0000000088300000|  0%| F|  |TAMS 0x0000000088200000, 0x0000000088200000| Untracked 
| 109|0x0000000088300000, 0x0000000088300000, 0x0000000088400000|  0%| F|  |TAMS 0x0000000088300000, 0x0000000088300000| Untracked 
| 110|0x0000000088400000, 0x0000000088400000, 0x0000000088500000|  0%| F|  |TAMS 0x0000000088400000, 0x0000000088400000| Untracked 
| 111|0x0000000088500000, 0x0000000088500000, 0x0000000088600000|  0%| F|  |TAMS 0x0000000088500000, 0x0000000088500000| Untracked 
| 112|0x0000000088600000, 0x0000000088600000, 0x0000000088700000|  0%| F|  |TAMS 0x0000000088600000, 0x0000000088600000| Untracked 
| 113|0x0000000088700000, 0x0000000088700000, 0x0000000088800000|  0%| F|  |TAMS 0x0000000088700000, 0x0000000088700000| Untracked 
| 114|0x0000000088800000, 0x0000000088800000, 0x0000000088900000|  0%| F|  |TAMS 0x0000000088800000, 0x0000000088800000| Untracked 
| 115|0x0000000088900000, 0x0000000088900000, 0x0000000088a00000|  0%| F|  |TAMS 0x0000000088900000, 0x0000000088900000| Untracked 
| 116|0x0000000088a00000, 0x0000000088a00000, 0x0000000088b00000|  0%| F|  |TAMS 0x0000000088a00000, 0x0000000088a00000| Untracked 
| 117|0x0000000088b00000, 0x0000000088b00000, 0x0000000088c00000|  0%| F|  |TAMS 0x0000000088b00000, 0x0000000088b00000| Untracked 
| 118|0x0000000088c00000, 0x0000000088c840e8, 0x0000000088d00000| 51%| S|CS|TAMS 0x0000000088c00000, 0x0000000088c00000| Complete 
| 119|0x0000000088d00000, 0x0000000088d00000, 0x0000000088e00000|  0%| F|  |TAMS 0x0000000088d00000, 0x0000000088d00000| Untracked 
| 120|0x0000000088e00000, 0x0000000088e00000, 0x0000000088f00000|  0%| F|  |TAMS 0x0000000088e00000, 0x0000000088e00000| Untracked 
| 121|0x0000000088f00000, 0x0000000088f00000, 0x0000000089000000|  0%| F|  |TAMS 0x0000000088f00000, 0x0000000088f00000| Untracked 
| 122|0x0000000089000000, 0x0000000089000000, 0x0000000089100000|  0%| F|  |TAMS 0x0000000089000000, 0x0000000089000000| Untracked 
| 123|0x0000000089100000, 0x0000000089100000, 0x0000000089200000|  0%| F|  |TAMS 0x0000000089100000, 0x0000000089100000| Untracked 
| 124|0x0000000089200000, 0x0000000089200000, 0x0000000089300000|  0%| F|  |TAMS 0x0000000089200000, 0x0000000089200000| Untracked 
| 125|0x0000000089300000, 0x0000000089300000, 0x0000000089400000|  0%| F|  |TAMS 0x0000000089300000, 0x0000000089300000| Untracked 
| 126|0x0000000089400000, 0x0000000089400000, 0x0000000089500000|  0%| F|  |TAMS 0x0000000089400000, 0x0000000089400000| Untracked 
| 127|0x0000000089500000, 0x0000000089500000, 0x0000000089600000|  0%| F|  |TAMS 0x0000000089500000, 0x0000000089500000| Untracked 

Card table byte_map: [0x0000022920090000,0x0000022920490000] _byte_map_base: 0x000002291fc85000

Marking Bits (Prev, Next): (CMBitMap*) 0x000002290d2f2db0, (CMBitMap*) 0x000002290d2f2df0
 Prev Bits: [0x0000022920890000, 0x0000022922838000)
 Next Bits: [0x0000022922840000, 0x00000229247e8000)

Polling page: 0x000002290ca70000

Metaspace:

Usage:
  Non-class:     60.05 MB used.
      Class:      8.80 MB used.
       Both:     68.86 MB used.

Virtual space:
  Non-class space:       64.00 MB reserved,      60.25 MB ( 94%) committed,  8 nodes.
      Class space:        1.00 GB reserved,       9.00 MB ( <1%) committed,  1 nodes.
             Both:        1.06 GB reserved,      69.25 MB (  6%) committed. 

Chunk freelists:
   Non-Class:  3.03 MB
       Class:  3.02 MB
        Both:  6.05 MB

MaxMetaspaceSize: unlimited
CompressedClassSpaceSize: 1.00 GB
Initial GC threshold: 21.00 MB
Current GC threshold: 113.88 MB
CDS: off
MetaspaceReclaimPolicy: balanced
 - commit_granule_bytes: 65536.
 - commit_granule_words: 8192.
 - virtual_space_node_default_size: 1048576.
 - enlarge_chunks_in_place: 1.
 - new_chunks_are_fully_committed: 0.
 - uncommit_free_chunks: 1.
 - use_allocation_guard: 0.
 - handle_deallocations: 1.


Internal statistics:

num_allocs_failed_limit: 6.
num_arena_births: 508.
num_arena_deaths: 4.
num_vsnodes_births: 9.
num_vsnodes_deaths: 0.
num_space_committed: 1108.
num_space_uncommitted: 0.
num_chunks_returned_to_freelist: 12.
num_chunks_taken_from_freelist: 2778.
num_chunk_merges: 6.
num_chunk_splits: 1916.
num_chunks_enlarged: 1476.
num_purges: 2.
num_inconsistent_stats: 0.

CodeHeap 'non-profiled nmethods': size=120000Kb used=4244Kb max_used=4244Kb free=115755Kb
 bounds [0x0000022918420000, 0x0000022918850000, 0x000002291f950000]
CodeHeap 'profiled nmethods': size=120000Kb used=12253Kb max_used=12253Kb free=107746Kb
 bounds [0x0000022910ef0000, 0x0000022911af0000, 0x0000022918420000]
CodeHeap 'non-nmethods': size=5760Kb used=1296Kb max_used=1395Kb free=4463Kb
 bounds [0x0000022910950000, 0x0000022910bc0000, 0x0000022910ef0000]
 total_blobs=6096 nmethods=5474 adapters=534
 compilation: enabled
              stopped_count=0, restarted_count=0
 full_count=0

Compilation events (20 events):
Event: 11.370 Thread 0x0000022927c7b370 6238       3       org.springframework.beans.factory.config.DependencyDescriptor::<init> (8 bytes)
Event: 11.370 Thread 0x0000022927c7b370 nmethod 6238 0x0000022911ade410 code [0x0000022911ade5a0, 0x0000022911ade6e8]
Event: 11.370 Thread 0x0000022927c7b370 6239       3       org.springframework.beans.factory.config.DependencyDescriptor::<init> (74 bytes)
Event: 11.371 Thread 0x0000022927c7b370 nmethod 6239 0x0000022911ade790 code [0x0000022911ade9c0, 0x0000022911adf518]
Event: 11.372 Thread 0x0000022927c7b370 6240       3       org.springframework.aop.framework.AbstractAdvisingBeanPostProcessor::postProcessBeforeInitialization (2 bytes)
Event: 11.372 Thread 0x0000022927c7b370 nmethod 6240 0x0000022911adf810 code [0x0000022911adf9a0, 0x0000022911adfab8]
Event: 11.372 Thread 0x0000022927c7b370 6242       3       org.springframework.aop.support.AopUtils::findAdvisorsThatCanApply (155 bytes)
Event: 11.374 Thread 0x0000022927c7b370 nmethod 6242 0x0000022911adfb90 code [0x0000022911adfee0, 0x0000022911ae1968]
Event: 11.374 Thread 0x0000022927c7b370 6241   !   3       org.springframework.aop.framework.autoproxy.AbstractAdvisorAutoProxyCreator::findAdvisorsThatCanApply (27 bytes)
Event: 11.375 Thread 0x0000022927c7b370 nmethod 6241 0x0000022911ae2090 code [0x0000022911ae22e0, 0x0000022911ae2dc8]
Event: 11.375 Thread 0x0000022927c7b370 6243       3       org.springframework.beans.factory.support.DisposableBeanAdapter::hasDestroyMethod (21 bytes)
Event: 11.375 Thread 0x0000022927c7b370 nmethod 6243 0x0000022911ae3190 code [0x0000022911ae3340, 0x0000022911ae35e8]
Event: 11.379 Thread 0x0000022927c7b370 6244   !   3       org.springframework.beans.factory.support.DefaultSingletonBeanRegistry::getSingleton (297 bytes)
Event: 11.381 Thread 0x0000022927c7b370 nmethod 6244 0x0000022911ae3690 code [0x0000022911ae3ac0, 0x0000022911ae5b88]
Event: 11.381 Thread 0x0000022927c7b370 6245       3       org.springframework.beans.factory.support.AbstractBeanFactory$$Lambda$253/0x0000000100258000::getObject (20 bytes)
Event: 11.381 Thread 0x0000022927c7b370 nmethod 6245 0x0000022911ae6a90 code [0x0000022911ae6c40, 0x0000022911ae6da8]
Event: 11.382 Thread 0x0000022927c7b370 6246       3       org.springframework.boot.web.server.WebServerFactoryCustomizerBeanPostProcessor::postProcessAfterInitialization (2 bytes)
Event: 11.382 Thread 0x0000022927c7b370 nmethod 6246 0x0000022911ae6e90 code [0x0000022911ae7020, 0x0000022911ae7138]
Event: 11.382 Thread 0x0000022927c7b370 6247       3       org.springframework.boot.web.server.ErrorPageRegistrarBeanPostProcessor::postProcessAfterInitialization (2 bytes)
Event: 11.382 Thread 0x0000022927c7b370 nmethod 6247 0x0000022911ae7210 code [0x0000022911ae73a0, 0x0000022911ae74b8]

GC Heap History (20 events):
Event: 9.189 GC heap after
{Heap after GC invocations=32 (full 0):
 garbage-first heap   total 67584K, used 33906K [0x0000000081600000, 0x0000000100000000)
  region size 1024K, 1 young (1024K), 1 survivors (1024K)
 Metaspace       used 65396K, committed 65792K, reserved 1105920K
  class space    used 8377K, committed 8576K, reserved 1048576K
}
Event: 9.665 GC heap before
{Heap before GC invocations=33 (full 0):
 garbage-first heap   total 67584K, used 53362K [0x0000000081600000, 0x0000000100000000)
  region size 1024K, 20 young (20480K), 1 survivors (1024K)
 Metaspace       used 66945K, committed 67392K, reserved 1114112K
  class space    used 8612K, committed 8832K, reserved 1048576K
}
Event: 9.668 GC heap after
{Heap after GC invocations=34 (full 0):
 garbage-first heap   total 67584K, used 35943K [0x0000000081600000, 0x0000000100000000)
  region size 1024K, 3 young (3072K), 3 survivors (3072K)
 Metaspace       used 66945K, committed 67392K, reserved 1114112K
  class space    used 8612K, committed 8832K, reserved 1048576K
}
Event: 10.071 GC heap before
{Heap before GC invocations=34 (full 0):
 garbage-first heap   total 67584K, used 54375K [0x0000000081600000, 0x0000000100000000)
  region size 1024K, 21 young (21504K), 3 survivors (3072K)
 Metaspace       used 68708K, committed 69184K, reserved 1114112K
  class space    used 8840K, committed 9088K, reserved 1048576K
}
Event: 10.075 GC heap after
{Heap after GC invocations=35 (full 0):
 garbage-first heap   total 67584K, used 37709K [0x0000000081600000, 0x0000000100000000)
  region size 1024K, 2 young (2048K), 2 survivors (2048K)
 Metaspace       used 68708K, committed 69184K, reserved 1114112K
  class space    used 8840K, committed 9088K, reserved 1048576K
}
Event: 10.212 GC heap before
{Heap before GC invocations=36 (full 0):
 garbage-first heap   total 70656K, used 42829K [0x0000000081600000, 0x0000000100000000)
  region size 1024K, 8 young (8192K), 2 survivors (2048K)
 Metaspace       used 69221K, committed 69632K, reserved 1114112K
  class space    used 8899K, committed 9088K, reserved 1048576K
}
Event: 10.227 GC heap after
{Heap after GC invocations=37 (full 0):
 garbage-first heap   total 70656K, used 38814K [0x0000000081600000, 0x0000000100000000)
  region size 1024K, 1 young (1024K), 1 survivors (1024K)
 Metaspace       used 69221K, committed 69632K, reserved 1114112K
  class space    used 8899K, committed 9088K, reserved 1048576K
}
Event: 10.371 GC heap before
{Heap before GC invocations=37 (full 0):
 garbage-first heap   total 94208K, used 58270K [0x0000000081600000, 0x0000000100000000)
  region size 1024K, 20 young (20480K), 1 survivors (1024K)
 Metaspace       used 69320K, committed 69760K, reserved 1114112K
  class space    used 8901K, committed 9088K, reserved 1048576K
}
Event: 10.375 GC heap after
{Heap after GC invocations=38 (full 0):
 garbage-first heap   total 94208K, used 42297K [0x0000000081600000, 0x0000000100000000)
  region size 1024K, 3 young (3072K), 3 survivors (3072K)
 Metaspace       used 69320K, committed 69760K, reserved 1114112K
  class space    used 8901K, committed 9088K, reserved 1048576K
}
Event: 10.592 GC heap before
{Heap before GC invocations=39 (full 0):
 garbage-first heap   total 94208K, used 73017K [0x0000000081600000, 0x0000000100000000)
  region size 1024K, 33 young (33792K), 3 survivors (3072K)
 Metaspace       used 69487K, committed 69952K, reserved 1114112K
  class space    used 8915K, committed 9152K, reserved 1048576K
}
Event: 10.599 GC heap after
{Heap after GC invocations=40 (full 0):
 garbage-first heap   total 94208K, used 51270K [0x0000000081600000, 0x0000000100000000)
  region size 1024K, 5 young (5120K), 5 survivors (5120K)
 Metaspace       used 69487K, committed 69952K, reserved 1114112K
  class space    used 8915K, committed 9152K, reserved 1048576K
}
Event: 10.712 GC heap before
{Heap before GC invocations=40 (full 0):
 garbage-first heap   total 94208K, used 70726K [0x0000000081600000, 0x0000000100000000)
  region size 1024K, 25 young (25600K), 5 survivors (5120K)
 Metaspace       used 69492K, committed 69952K, reserved 1114112K
  class space    used 8915K, committed 9152K, reserved 1048576K
}
Event: 10.718 GC heap after
{Heap after GC invocations=41 (full 0):
 garbage-first heap   total 94208K, used 54837K [0x0000000081600000, 0x0000000100000000)
  region size 1024K, 4 young (4096K), 4 survivors (4096K)
 Metaspace       used 69492K, committed 69952K, reserved 1114112K
  class space    used 8915K, committed 9152K, reserved 1048576K
}
Event: 10.883 GC heap before
{Heap before GC invocations=42 (full 0):
 garbage-first heap   total 107520K, used 73269K [0x0000000081600000, 0x0000000100000000)
  region size 1024K, 22 young (22528K), 4 survivors (4096K)
 Metaspace       used 69541K, committed 69952K, reserved 1114112K
  class space    used 8915K, committed 9152K, reserved 1048576K
}
Event: 10.888 GC heap after
{Heap after GC invocations=43 (full 0):
 garbage-first heap   total 107520K, used 61930K [0x0000000081600000, 0x0000000100000000)
  region size 1024K, 3 young (3072K), 3 survivors (3072K)
 Metaspace       used 69541K, committed 69952K, reserved 1114112K
  class space    used 8915K, committed 9152K, reserved 1048576K
}
Event: 11.026 GC heap before
{Heap before GC invocations=43 (full 0):
 garbage-first heap   total 107520K, used 80362K [0x0000000081600000, 0x0000000100000000)
  region size 1024K, 22 young (22528K), 3 survivors (3072K)
 Metaspace       used 69579K, committed 70016K, reserved 1114112K
  class space    used 8915K, committed 9152K, reserved 1048576K
}
Event: 11.031 GC heap after
{Heap after GC invocations=44 (full 0):
 garbage-first heap   total 107520K, used 65121K [0x0000000081600000, 0x0000000100000000)
  region size 1024K, 3 young (3072K), 3 survivors (3072K)
 Metaspace       used 69579K, committed 70016K, reserved 1114112K
  class space    used 8915K, committed 9152K, reserved 1048576K
}
Event: 11.290 GC heap before
{Heap before GC invocations=45 (full 0):
 garbage-first heap   total 122880K, used 80481K [0x0000000081600000, 0x0000000100000000)
  region size 1024K, 21 young (21504K), 3 survivors (3072K)
 Metaspace       used 69988K, committed 70400K, reserved 1114112K
  class space    used 8954K, committed 9152K, reserved 1048576K
}
Event: 11.297 GC heap after
{Heap after GC invocations=46 (full 0):
 garbage-first heap   total 122880K, used 67100K [0x0000000081600000, 0x0000000100000000)
  region size 1024K, 3 young (3072K), 3 survivors (3072K)
 Metaspace       used 69988K, committed 70400K, reserved 1114112K
  class space    used 8954K, committed 9152K, reserved 1048576K
}
Event: 11.390 GC heap before
{Heap before GC invocations=46 (full 0):
 garbage-first heap   total 122880K, used 70172K [0x0000000081600000, 0x0000000100000000)
  region size 1024K, 6 young (6144K), 3 survivors (3072K)
 Metaspace       used 70508K, committed 70912K, reserved 1114112K
  class space    used 9013K, committed 9216K, reserved 1048576K
}

Deoptimization events (20 events):
Event: 11.247 Thread 0x0000022929e23b50 Uncommon trap: trap_request=0xffffffde fr.pc=0x00000229184ab680 relative=0x0000000000000140
Event: 11.247 Thread 0x0000022929e23b50 Uncommon trap: reason=class_check action=maybe_recompile pc=0x00000229184ab680 method=org.springframework.boot.context.properties.source.ConfigurationPropertyName$Elements.charAt(II)C @ 43 c2
Event: 11.247 Thread 0x0000022929e23b50 DEOPT PACKING pc=0x00000229184ab680 sp=0x000000b91e4fce50
Event: 11.247 Thread 0x0000022929e23b50 DEOPT UNPACKING pc=0x00000229109a23a3 sp=0x000000b91e4fcdc8 mode 2
Event: 11.247 Thread 0x0000022929e23b50 Uncommon trap: trap_request=0xffffffde fr.pc=0x00000229184ab680 relative=0x0000000000000140
Event: 11.247 Thread 0x0000022929e23b50 Uncommon trap: reason=class_check action=maybe_recompile pc=0x00000229184ab680 method=org.springframework.boot.context.properties.source.ConfigurationPropertyName$Elements.charAt(II)C @ 43 c2
Event: 11.247 Thread 0x0000022929e23b50 DEOPT PACKING pc=0x00000229184ab680 sp=0x000000b91e4fce50
Event: 11.247 Thread 0x0000022929e23b50 DEOPT UNPACKING pc=0x00000229109a23a3 sp=0x000000b91e4fcdc8 mode 2
Event: 11.247 Thread 0x0000022929e23b50 Uncommon trap: trap_request=0xffffffde fr.pc=0x00000229187c2b5c relative=0x000000000000015c
Event: 11.247 Thread 0x0000022929e23b50 Uncommon trap: reason=class_check action=maybe_recompile pc=0x00000229187c2b5c method=java.lang.reflect.Array.newInstance(Ljava/lang/Class;I)Ljava/lang/Object; @ 2 c2
Event: 11.247 Thread 0x0000022929e23b50 DEOPT PACKING pc=0x00000229187c2b5c sp=0x000000b91e4fd400
Event: 11.247 Thread 0x0000022929e23b50 DEOPT UNPACKING pc=0x00000229109a23a3 sp=0x000000b91e4fd398 mode 2
Event: 11.247 Thread 0x0000022929e23b50 Uncommon trap: trap_request=0xffffffde fr.pc=0x00000229187c2b5c relative=0x000000000000015c
Event: 11.247 Thread 0x0000022929e23b50 Uncommon trap: reason=class_check action=maybe_recompile pc=0x00000229187c2b5c method=java.lang.reflect.Array.newInstance(Ljava/lang/Class;I)Ljava/lang/Object; @ 2 c2
Event: 11.247 Thread 0x0000022929e23b50 DEOPT PACKING pc=0x00000229187c2b5c sp=0x000000b91e4fd400
Event: 11.247 Thread 0x0000022929e23b50 DEOPT UNPACKING pc=0x00000229109a23a3 sp=0x000000b91e4fd398 mode 2
Event: 11.248 Thread 0x0000022929e23b50 Uncommon trap: trap_request=0xffffffde fr.pc=0x00000229187c2b5c relative=0x000000000000015c
Event: 11.248 Thread 0x0000022929e23b50 Uncommon trap: reason=class_check action=maybe_recompile pc=0x00000229187c2b5c method=java.lang.reflect.Array.newInstance(Ljava/lang/Class;I)Ljava/lang/Object; @ 2 c2
Event: 11.248 Thread 0x0000022929e23b50 DEOPT PACKING pc=0x00000229187c2b5c sp=0x000000b91e4fd400
Event: 11.248 Thread 0x0000022929e23b50 DEOPT UNPACKING pc=0x00000229109a23a3 sp=0x000000b91e4fd398 mode 2

Classes unloaded (2 events):
Event: 9.231 Thread 0x0000022927263b70 Unloading class 0x0000000100818000 'jdk/internal/reflect/GeneratedSerializationConstructorAccessor2'
Event: 9.231 Thread 0x0000022927263b70 Unloading class 0x0000000100804400 'jdk/internal/reflect/GeneratedSerializationConstructorAccessor1'

Classes redefined (0 events):
No events

Internal exceptions (20 events):
Event: 11.312 Thread 0x0000022929e23b50 Exception <a 'java/lang/ClassNotFoundException'{0x000000008955a7a0}: org/springdoc/core/OpenAPIServiceCustomizer> (0x000000008955a7a0) 
thrown [e:\jenkins\tmp\workspace\build\src\src\hotspot\share\classfile\systemDictionary.cpp, line 256]
Event: 11.358 Thread 0x0000022929e23b50 Exception <a 'java/lang/ClassNotFoundException'{0x0000000088ed0470}: java/lang/ObjectCustomizer> (0x0000000088ed0470) 
thrown [e:\jenkins\tmp\workspace\build\src\src\hotspot\share\classfile\systemDictionary.cpp, line 256]
Event: 11.359 Thread 0x0000022929e23b50 Exception <a 'java/lang/ClassNotFoundException'{0x0000000088ed7f68}: org/springdoc/core/converters/ModelConverterRegistrarCustomizer> (0x0000000088ed7f68) 
thrown [e:\jenkins\tmp\workspace\build\src\src\hotspot\share\classfile\systemDictionary.cpp, line 256]
Event: 11.367 Thread 0x0000022929e23b50 Exception <a 'java/lang/ClassNotFoundException'{0x0000000088efce28}: java/lang/ObjectCustomizer> (0x0000000088efce28) 
thrown [e:\jenkins\tmp\workspace\build\src\src\hotspot\share\classfile\systemDictionary.cpp, line 256]
Event: 11.368 Thread 0x0000022929e23b50 Exception <a 'java/lang/ClassNotFoundException'{0x0000000088d04a60}: org/springdoc/core/GenericParameterServiceCustomizer> (0x0000000088d04a60) 
thrown [e:\jenkins\tmp\workspace\build\src\src\hotspot\share\classfile\systemDictionary.cpp, line 256]
Event: 11.371 Thread 0x0000022929e23b50 Exception <a 'java/lang/ClassNotFoundException'{0x0000000088d1e0a8}: java/lang/ObjectCustomizer> (0x0000000088d1e0a8) 
thrown [e:\jenkins\tmp\workspace\build\src\src\hotspot\share\classfile\systemDictionary.cpp, line 256]
Event: 11.372 Thread 0x0000022929e23b50 Exception <a 'java/lang/ClassNotFoundException'{0x0000000088d25820}: org/springdoc/core/RequestBodyServiceCustomizer> (0x0000000088d25820) 
thrown [e:\jenkins\tmp\workspace\build\src\src\hotspot\share\classfile\systemDictionary.cpp, line 256]
Event: 11.374 Thread 0x0000022929e23b50 Exception <a 'java/lang/ClassNotFoundException'{0x0000000088d3d858}: java/lang/ObjectCustomizer> (0x0000000088d3d858) 
thrown [e:\jenkins\tmp\workspace\build\src\src\hotspot\share\classfile\systemDictionary.cpp, line 256]
Event: 11.374 Thread 0x0000022929e23b50 Exception <a 'java/lang/ClassNotFoundException'{0x0000000088d44bb0}: org/springdoc/core/OperationServiceCustomizer> (0x0000000088d44bb0) 
thrown [e:\jenkins\tmp\workspace\build\src\src\hotspot\share\classfile\systemDictionary.cpp, line 256]
Event: 11.376 Thread 0x0000022929e23b50 Exception <a 'java/lang/ClassNotFoundException'{0x0000000088d5cbd8}: java/lang/ObjectCustomizer> (0x0000000088d5cbd8) 
thrown [e:\jenkins\tmp\workspace\build\src\src\hotspot\share\classfile\systemDictionary.cpp, line 256]
Event: 11.376 Thread 0x0000022929e23b50 Exception <a 'java/lang/ClassNotFoundException'{0x0000000088d64378}: org/springdoc/core/SpringDocConfiguration$1Customizer> (0x0000000088d64378) 
thrown [e:\jenkins\tmp\workspace\build\src\src\hotspot\share\classfile\systemDictionary.cpp, line 256]
Event: 11.377 Thread 0x0000022929e23b50 Exception <a 'java/lang/ClassNotFoundException'{0x0000000088d6a020}: org/springdoc/core/ReturnTypeParserCustomizer> (0x0000000088d6a020) 
thrown [e:\jenkins\tmp\workspace\build\src\src\hotspot\share\classfile\systemDictionary.cpp, line 256]
Event: 11.379 Thread 0x0000022929e23b50 Exception <a 'java/lang/ClassNotFoundException'{0x0000000088d95ab8}: java/lang/ObjectCustomizer> (0x0000000088d95ab8) 
thrown [e:\jenkins\tmp\workspace\build\src\src\hotspot\share\classfile\systemDictionary.cpp, line 256]
Event: 11.380 Thread 0x0000022929e23b50 Exception <a 'java/lang/ClassNotFoundException'{0x0000000088d9d580}: org/springdoc/webmvc/core/SpringDocWebMvcConfigurationCustomizer> (0x0000000088d9d580) 
thrown [e:\jenkins\tmp\workspace\build\src\src\hotspot\share\classfile\systemDictionary.cpp, line 256]
Event: 11.381 Thread 0x0000022929e23b50 Exception <a 'java/lang/ClassNotFoundException'{0x0000000088da8760}: java/lang/ObjectCustomizer> (0x0000000088da8760) 
thrown [e:\jenkins\tmp\workspace\build\src\src\hotspot\share\classfile\systemDictionary.cpp, line 256]
Event: 11.381 Thread 0x0000022929e23b50 Exception <a 'java/lang/ClassNotFoundException'{0x0000000088db0b18}: org/springdoc/webmvc/core/SpringDocWebMvcConfiguration$SpringDocWebMvcRouterConfigurationCustomizer> (0x0000000088db0b18) 
thrown [e:\jenkins\tmp\workspace\build\src\src\hotspot\share\classfile\systemDictionary.cpp, line 256]
Event: 11.383 Thread 0x0000022929e23b50 Exception <a 'java/lang/ClassNotFoundException'{0x0000000088dbc508}: java/lang/ObjectCustomizer> (0x0000000088dbc508) 
thrown [e:\jenkins\tmp\workspace\build\src\src\hotspot\share\classfile\systemDictionary.cpp, line 256]
Event: 11.383 Thread 0x0000022929e23b50 Exception <a 'java/lang/ClassNotFoundException'{0x0000000088dc3e70}: org/springdoc/webmvc/core/RouterFunctionProviderCustomizer> (0x0000000088dc3e70) 
thrown [e:\jenkins\tmp\workspace\build\src\src\hotspot\share\classfile\systemDictionary.cpp, line 256]
Event: 11.389 Thread 0x0000022929e23b50 Exception <a 'java/lang/ClassNotFoundException'{0x0000000088df05d0}: java/lang/ObjectCustomizer> (0x0000000088df05d0) 
thrown [e:\jenkins\tmp\workspace\build\src\src\hotspot\share\classfile\systemDictionary.cpp, line 256]
Event: 11.390 Thread 0x0000022929e23b50 Exception <a 'java/lang/ClassNotFoundException'{0x0000000088df7d58}: org/springdoc/core/AbstractRequestServiceCustomizer> (0x0000000088df7d58) 
thrown [e:\jenkins\tmp\workspace\build\src\src\hotspot\share\classfile\systemDictionary.cpp, line 256]

VM Operations (20 events):
Event: 11.011 Executing VM operation: ICBufferFull done
Event: 11.011 Executing VM operation: ICBufferFull
Event: 11.012 Executing VM operation: ICBufferFull done
Event: 11.015 Executing VM operation: ICBufferFull
Event: 11.015 Executing VM operation: ICBufferFull done
Event: 11.016 Executing VM operation: ICBufferFull
Event: 11.016 Executing VM operation: ICBufferFull done
Event: 11.017 Executing VM operation: ICBufferFull
Event: 11.017 Executing VM operation: ICBufferFull done
Event: 11.022 Executing VM operation: ICBufferFull
Event: 11.023 Executing VM operation: ICBufferFull done
Event: 11.025 Executing VM operation: G1CollectForAllocation
Event: 11.034 Executing VM operation: G1CollectForAllocation done
Event: 11.112 Executing VM operation: G1Concurrent
Event: 11.119 Executing VM operation: G1Concurrent done
Event: 11.148 Executing VM operation: G1Concurrent
Event: 11.148 Executing VM operation: G1Concurrent done
Event: 11.290 Executing VM operation: G1CollectForAllocation
Event: 11.297 Executing VM operation: G1CollectForAllocation done
Event: 11.390 Executing VM operation: G1CollectForAllocation

Events (20 events):
Event: 11.376 loading class java/lang/ObjectCustomizer
Event: 11.376 loading class java/lang/ObjectCustomizer done
Event: 11.376 loading class java/lang/ObjectCustomizer
Event: 11.376 loading class java/lang/ObjectCustomizer done
Event: 11.379 loading class java/lang/ObjectCustomizer
Event: 11.379 loading class java/lang/ObjectCustomizer done
Event: 11.379 loading class java/lang/ObjectCustomizer
Event: 11.379 loading class java/lang/ObjectCustomizer done
Event: 11.381 loading class java/lang/ObjectCustomizer
Event: 11.381 loading class java/lang/ObjectCustomizer done
Event: 11.381 loading class java/lang/ObjectCustomizer
Event: 11.381 loading class java/lang/ObjectCustomizer done
Event: 11.383 loading class java/lang/ObjectCustomizer
Event: 11.383 loading class java/lang/ObjectCustomizer done
Event: 11.383 loading class java/lang/ObjectCustomizer
Event: 11.383 loading class java/lang/ObjectCustomizer done
Event: 11.389 loading class java/lang/ObjectCustomizer
Event: 11.389 loading class java/lang/ObjectCustomizer done
Event: 11.389 loading class java/lang/ObjectCustomizer
Event: 11.389 loading class java/lang/ObjectCustomizer done


Dynamic libraries:
0x00007ff78d620000 - 0x00007ff78d62e000 	C:\Users\vinyssus\.p2\pool\plugins\org.eclipse.justj.openjdk.hotspot.jre.full.win32.x86_64_17.0.2.v20220201-1208\jre\bin\javaw.exe
0x00007ffd43b30000 - 0x00007ffd43d44000 	C:\WINDOWS\SYSTEM32\ntdll.dll
0x00007ffd42500000 - 0x00007ffd425c3000 	C:\WINDOWS\System32\KERNEL32.DLL
0x00007ffd41580000 - 0x00007ffd4191d000 	C:\WINDOWS\System32\KERNELBASE.dll
0x00007ffd41460000 - 0x00007ffd41571000 	C:\WINDOWS\System32\ucrtbase.dll
0x00007ffd385d0000 - 0x00007ffd385e9000 	C:\Users\vinyssus\.p2\pool\plugins\org.eclipse.justj.openjdk.hotspot.jre.full.win32.x86_64_17.0.2.v20220201-1208\jre\bin\VCRUNTIME140.dll
0x00007ffd3bb00000 - 0x00007ffd3bb18000 	C:\Users\vinyssus\.p2\pool\plugins\org.eclipse.justj.openjdk.hotspot.jre.full.win32.x86_64_17.0.2.v20220201-1208\jre\bin\jli.dll
0x00007ffd42070000 - 0x00007ffd4221d000 	C:\WINDOWS\System32\USER32.dll
0x00007ffd2f030000 - 0x00007ffd2f2be000 	C:\WINDOWS\WinSxS\amd64_microsoft.windows.common-controls_6595b64144ccf1df_6.0.22621.608_none_a9444ca7c10bb01d\COMCTL32.dll
0x00007ffd40f50000 - 0x00007ffd40f76000 	C:\WINDOWS\System32\win32u.dll
0x00007ffd425d0000 - 0x00007ffd42677000 	C:\WINDOWS\System32\msvcrt.dll
0x00007ffd42280000 - 0x00007ffd422a9000 	C:\WINDOWS\System32\GDI32.dll
0x00007ffd41250000 - 0x00007ffd41362000 	C:\WINDOWS\System32\gdi32full.dll
0x00007ffd410f0000 - 0x00007ffd4118a000 	C:\WINDOWS\System32\msvcp_win.dll
0x00007ffd43050000 - 0x00007ffd43082000 	C:\WINDOWS\System32\IMM32.DLL
0x00007ffd3a970000 - 0x00007ffd3a97c000 	C:\Users\vinyssus\.p2\pool\plugins\org.eclipse.justj.openjdk.hotspot.jre.full.win32.x86_64_17.0.2.v20220201-1208\jre\bin\vcruntime140_1.dll
0x00007ffd1b310000 - 0x00007ffd1b3a1000 	C:\Users\vinyssus\.p2\pool\plugins\org.eclipse.justj.openjdk.hotspot.jre.full.win32.x86_64_17.0.2.v20220201-1208\jre\bin\msvcp140.dll
0x00007ffd00cb0000 - 0x00007ffd018f7000 	C:\Users\vinyssus\.p2\pool\plugins\org.eclipse.justj.openjdk.hotspot.jre.full.win32.x86_64_17.0.2.v20220201-1208\jre\bin\server\jvm.dll
0x00007ffd42450000 - 0x00007ffd424fe000 	C:\WINDOWS\System32\ADVAPI32.dll
0x00007ffd43090000 - 0x00007ffd43134000 	C:\WINDOWS\System32\sechost.dll
0x00007ffd41990000 - 0x00007ffd41aa5000 	C:\WINDOWS\System32\RPCRT4.dll
0x00007ffd41c60000 - 0x00007ffd41c68000 	C:\WINDOWS\System32\PSAPI.DLL
0x00007ffd3b4d0000 - 0x00007ffd3b504000 	C:\WINDOWS\SYSTEM32\WINMM.dll
0x00007ffd25a10000 - 0x00007ffd25a19000 	C:\WINDOWS\SYSTEM32\WSOCK32.dll
0x00007ffd3a9f0000 - 0x00007ffd3a9fa000 	C:\WINDOWS\SYSTEM32\VERSION.dll
0x00007ffd41f40000 - 0x00007ffd41fb1000 	C:\WINDOWS\System32\WS2_32.dll
0x00007ffd40050000 - 0x00007ffd40068000 	C:\WINDOWS\SYSTEM32\kernel.appcore.dll
0x00007ffd3be10000 - 0x00007ffd3be1a000 	C:\Users\vinyssus\.p2\pool\plugins\org.eclipse.justj.openjdk.hotspot.jre.full.win32.x86_64_17.0.2.v20220201-1208\jre\bin\jimage.dll
0x00007ffd39840000 - 0x00007ffd39a6e000 	C:\WINDOWS\SYSTEM32\DBGHELP.DLL
0x00007ffd42680000 - 0x00007ffd42a0a000 	C:\WINDOWS\System32\combase.dll
0x00007ffd41b80000 - 0x00007ffd41c57000 	C:\WINDOWS\System32\OLEAUT32.dll
0x00007ffd39680000 - 0x00007ffd396b2000 	C:\WINDOWS\SYSTEM32\dbgcore.DLL
0x00007ffd413e0000 - 0x00007ffd4145b000 	C:\WINDOWS\System32\bcryptPrimitives.dll
0x00007ffd3b5f0000 - 0x00007ffd3b615000 	C:\Users\vinyssus\.p2\pool\plugins\org.eclipse.justj.openjdk.hotspot.jre.full.win32.x86_64_17.0.2.v20220201-1208\jre\bin\java.dll
0x00007ffd3aa20000 - 0x00007ffd3aa38000 	C:\Users\vinyssus\.p2\pool\plugins\org.eclipse.justj.openjdk.hotspot.jre.full.win32.x86_64_17.0.2.v20220201-1208\jre\bin\zip.dll
0x00007ffd43300000 - 0x00007ffd43aef000 	C:\WINDOWS\System32\SHELL32.dll
0x00007ffd3ef30000 - 0x00007ffd3f7f8000 	C:\WINDOWS\SYSTEM32\windows.storage.dll
0x00007ffd3edf0000 - 0x00007ffd3ef2e000 	C:\WINDOWS\SYSTEM32\wintypes.dll
0x00007ffd41cf0000 - 0x00007ffd41de1000 	C:\WINDOWS\System32\SHCORE.dll
0x00007ffd42220000 - 0x00007ffd4227e000 	C:\WINDOWS\System32\shlwapi.dll
0x00007ffd40e80000 - 0x00007ffd40ea1000 	C:\WINDOWS\SYSTEM32\profapi.dll
0x00007ffd3aa00000 - 0x00007ffd3aa19000 	C:\Users\vinyssus\.p2\pool\plugins\org.eclipse.justj.openjdk.hotspot.jre.full.win32.x86_64_17.0.2.v20220201-1208\jre\bin\net.dll
0x00007ffd3b740000 - 0x00007ffd3b86f000 	C:\WINDOWS\SYSTEM32\WINHTTP.dll
0x00007ffd404b0000 - 0x00007ffd40519000 	C:\WINDOWS\system32\mswsock.dll
0x00007ffd3a9d0000 - 0x00007ffd3a9e5000 	C:\Users\vinyssus\.p2\pool\plugins\org.eclipse.justj.openjdk.hotspot.jre.full.win32.x86_64_17.0.2.v20220201-1208\jre\bin\nio.dll
0x00007ffd3bd20000 - 0x00007ffd3bd30000 	C:\Users\vinyssus\.p2\pool\plugins\org.eclipse.justj.openjdk.hotspot.jre.full.win32.x86_64_17.0.2.v20220201-1208\jre\bin\verify.dll
0x00007ffd3b9e0000 - 0x00007ffd3b9e9000 	C:\Users\vinyssus\.p2\pool\plugins\org.eclipse.justj.openjdk.hotspot.jre.full.win32.x86_64_17.0.2.v20220201-1208\jre\bin\management.dll
0x00007ffd3b5c0000 - 0x00007ffd3b5cb000 	C:\Users\vinyssus\.p2\pool\plugins\org.eclipse.justj.openjdk.hotspot.jre.full.win32.x86_64_17.0.2.v20220201-1208\jre\bin\management_ext.dll
0x00007ffd318b0000 - 0x00007ffd318c7000 	C:\WINDOWS\system32\napinsp.dll
0x00007ffd2cd20000 - 0x00007ffd2cd3b000 	C:\WINDOWS\system32\pnrpnsp.dll
0x00007ffd3fb30000 - 0x00007ffd3fc22000 	C:\WINDOWS\SYSTEM32\DNSAPI.dll
0x00007ffd3fac0000 - 0x00007ffd3faed000 	C:\WINDOWS\SYSTEM32\IPHLPAPI.DLL
0x00007ffd41df0000 - 0x00007ffd41df9000 	C:\WINDOWS\System32\NSI.dll
0x00007ffd2cca0000 - 0x00007ffd2ccb1000 	C:\WINDOWS\System32\winrnr.dll
0x00007ffd2cc80000 - 0x00007ffd2cc95000 	C:\WINDOWS\system32\wshbth.dll
0x00007ffd2cc50000 - 0x00007ffd2cc71000 	C:\WINDOWS\system32\nlansp_c.dll
0x00007ffd396c0000 - 0x00007ffd396ca000 	C:\Windows\System32\rasadhlp.dll
0x00007ffd3ae00000 - 0x00007ffd3ae83000 	C:\WINDOWS\System32\fwpuclnt.dll
0x00007ffd407d0000 - 0x00007ffd407eb000 	C:\WINDOWS\SYSTEM32\CRYPTSP.dll
0x00007ffd3ffc0000 - 0x00007ffd3fff5000 	C:\WINDOWS\system32\rsaenh.dll
0x00007ffd40550000 - 0x00007ffd40578000 	C:\WINDOWS\SYSTEM32\USERENV.dll
0x00007ffd40910000 - 0x00007ffd40938000 	C:\WINDOWS\SYSTEM32\bcrypt.dll
0x00007ffd407b0000 - 0x00007ffd407bc000 	C:\WINDOWS\SYSTEM32\CRYPTBASE.dll
0x00007ffd3b530000 - 0x00007ffd3b549000 	C:\WINDOWS\SYSTEM32\dhcpcsvc6.DLL
0x00007ffd3b510000 - 0x00007ffd3b52f000 	C:\WINDOWS\SYSTEM32\dhcpcsvc.DLL
0x00007ffd3baf0000 - 0x00007ffd3bafe000 	C:\Users\vinyssus\.p2\pool\plugins\org.eclipse.justj.openjdk.hotspot.jre.full.win32.x86_64_17.0.2.v20220201-1208\jre\bin\sunmscapi.dll
0x00007ffd40f80000 - 0x00007ffd410e6000 	C:\WINDOWS\System32\CRYPT32.dll
0x00007ffd408e0000 - 0x00007ffd4090d000 	C:\WINDOWS\SYSTEM32\ncrypt.dll
0x00007ffd408a0000 - 0x00007ffd408d7000 	C:\WINDOWS\SYSTEM32\NTASN1.dll

dbghelp: loaded successfully - version: 4.0.5 - missing functions: none
symbol engine: initialized successfully - sym options: 0x614 - pdb path: .;C:\Users\vinyssus\.p2\pool\plugins\org.eclipse.justj.openjdk.hotspot.jre.full.win32.x86_64_17.0.2.v20220201-1208\jre\bin;C:\WINDOWS\SYSTEM32;C:\WINDOWS\WinSxS\amd64_microsoft.windows.common-controls_6595b64144ccf1df_6.0.22621.608_none_a9444ca7c10bb01d;C:\Users\vinyssus\.p2\pool\plugins\org.eclipse.justj.openjdk.hotspot.jre.full.win32.x86_64_17.0.2.v20220201-1208\jre\bin\server

VM Arguments:
jvm_args: -Dfile.encoding=UTF-8 -XX:+ShowCodeDetailsInExceptionMessages 
java_command: com.spring.securityapi.SecurityapiApplication
java_class_path (initial): D:\Spring boot\securityapi\target\classes;C:\Users\vinyssus\.m2\repository\org\springframework\boot\spring-boot-starter-data-jpa\2.6.7\spring-boot-starter-data-jpa-2.6.7.jar;C:\Users\vinyssus\.m2\repository\org\springframework\boot\spring-boot-starter-aop\2.6.7\spring-boot-starter-aop-2.6.7.jar;C:\Users\vinyssus\.m2\repository\org\aspectj\aspectjweaver\1.9.7\aspectjweaver-1.9.7.jar;C:\Users\vinyssus\.m2\repository\org\springframework\boot\spring-boot-starter-jdbc\2.6.7\spring-boot-starter-jdbc-2.6.7.jar;C:\Users\vinyssus\.m2\repository\com\zaxxer\HikariCP\4.0.3\HikariCP-4.0.3.jar;C:\Users\vinyssus\.m2\repository\org\springframework\spring-jdbc\5.3.19\spring-jdbc-5.3.19.jar;C:\Users\vinyssus\.m2\repository\jakarta\transaction\jakarta.transaction-api\1.3.3\jakarta.transaction-api-1.3.3.jar;C:\Users\vinyssus\.m2\repository\jakarta\persistence\jakarta.persistence-api\2.2.3\jakarta.persistence-api-2.2.3.jar;C:\Users\vinyssus\.m2\repository\org\hibernate\hibernate-core\5.6.8.Final\hibernate-core-5.6.8.Final.jar;C:\Users\vinyssus\.m2\repository\org\jboss\logging\jboss-logging\3.4.3.Final\jboss-logging-3.4.3.Final.jar;C:\Users\vinyssus\.m2\repository\net\bytebuddy\byte-buddy\1.11.22\byte-buddy-1.11.22.jar;C:\Users\vinyssus\.m2\repository\antlr\antlr\2.7.7\antlr-2.7.7.jar;C:\Users\vinyssus\.m2\repository\org\jboss\jandex\2.4.2.Final\jandex-2.4.2.Final.jar;C:\Users\vinyssus\.m2\repository\com\fasterxml\classmate\1.5.1\classmate-1.5.1.jar;C:\Users\vinyssus\.m2\repository\org\hibernate\common\hibernate-commons-annotations\5.1.2.Final\hibernate-commons-annotations-5.1.2.Final.jar;C:\Users\vinyssus\.m2\repository\org\glassfish\jaxb\jaxb-runtime\2.3.6\jaxb-runtime-2.3.6.jar;C:\Users\vinyssus\.m2\repository\org\glassfish\jaxb\txw2\2.3.6\txw2-2.3.6.jar;C:\Users\vinyssus\.m2\repository\com\sun\istack\istack-commons-runtime\3.0.12\istack-commons-runtime-3.0.12.jar;C:\Users\vinyssus\.m2\repository\com\sun\activation\jakarta.activation\1.2.2\jakarta.activati
Launcher Type: SUN_STANDARD

[Global flags]
     intx CICompilerCount                          = 4                                         {product} {ergonomic}
     uint ConcGCThreads                            = 2                                         {product} {ergonomic}
     uint G1ConcRefinementThreads                  = 8                                         {product} {ergonomic}
   size_t G1HeapRegionSize                         = 1048576                                   {product} {ergonomic}
    uintx GCDrainStackTargetSize                   = 64                                        {product} {ergonomic}
   size_t InitialHeapSize                          = 134217728                                 {product} {ergonomic}
   size_t MarkStackSize                            = 4194304                                   {product} {ergonomic}
   size_t MaxHeapSize                              = 2124414976                                {product} {ergonomic}
   size_t MaxNewSize                               = 1274019840                                {product} {ergonomic}
   size_t MinHeapDeltaBytes                        = 1048576                                   {product} {ergonomic}
   size_t MinHeapSize                              = 8388608                                   {product} {ergonomic}
    uintx NonNMethodCodeHeapSize                   = 5839372                                {pd product} {ergonomic}
    uintx NonProfiledCodeHeapSize                  = 122909434                              {pd product} {ergonomic}
    uintx ProfiledCodeHeapSize                     = 122909434                              {pd product} {ergonomic}
    uintx ReservedCodeCacheSize                    = 251658240                              {pd product} {ergonomic}
     bool SegmentedCodeCache                       = true                                      {product} {ergonomic}
     bool ShowCodeDetailsInExceptionMessages       = true                                   {manageable} {command line}
   size_t SoftMaxHeapSize                          = 2124414976                             {manageable} {ergonomic}
     bool UseCompressedClassPointers               = true                           {product lp64_product} {ergonomic}
     bool UseCompressedOops                        = true                           {product lp64_product} {ergonomic}
     bool UseG1GC                                  = true                                      {product} {ergonomic}
     bool UseLargePagesIndividualAllocation        = false                                  {pd product} {ergonomic}

Logging:
Log output configuration:
 #0: stdout all=warning uptime,level,tags
 #1: stderr all=off uptime,level,tags

Environment Variables:
PATH=C:/Users/vinyssus/.p2/pool/plugins/org.eclipse.justj.openjdk.hotspot.jre.full.win32.x86_64_17.0.2.v20220201-1208/jre/bin/server;C:/Users/vinyssus/.p2/pool/plugins/org.eclipse.justj.openjdk.hotspot.jre.full.win32.x86_64_17.0.2.v20220201-1208/jre/bin;C:\Program Files\Common Files\Oracle\Java\javapath;C:\Program Files (x86)\Common Files\Oracle\Java\javapath;C:\WINDOWS\system32;C:\WINDOWS;C:\WINDOWS\System32\Wbem;C:\WINDOWS\System32\WindowsPowerShell\v1.0\;C:\WINDOWS\System32\OpenSSH\;C:\Program Files\Git\cmd;C:\Program Files\nodejs\;C:\xampp\php;C:\ProgramData\ComposerSetup\bin;C:\src\flutter\bin;C:\Program Files\Docker\Docker\resources\bin;C:\ProgramData\DockerDesktop\version-bin;C:\apache-cassandra-3.11.14\bin;C:\Python27;C:\Program Files\Java\jdk1.8.0_341\bin;C:\Users\vinyssus\scoop\shims;C:\Users\vinyssus\AppData\Local\Microsoft\WindowsApps;;C:\Users\vinyssus\AppData\Local\Programs\Microsoft VS Code\bin;C:\Users\vinyssus\AppData\Roaming\npm;C:\Users\vinyssus\AppData\Roaming\Composer\vendor\bin;C:\Users\vinyssus\AppData\Local\Microsoft\WindowsApps;C:\Program Files\heroku\bin;C:\Program Files\JetBrains\IntelliJ IDEA 2022.2.3\bin;;C:\Program Files\JetBrains\IntelliJ IDEA Community Edition 2022.2.3\bin;;C:\Users\vinyssus\Desktop;
USERNAME=vinyssus
OS=Windows_NT
PROCESSOR_IDENTIFIER=Intel64 Family 6 Model 142 Stepping 10, GenuineIntel



---------------  S Y S T E M  ---------------

OS:
 Windows 11 , 64 bit Build 22621 (10.0.22621.1105)
OS uptime: 3 days 15:28 hours
Hyper-V role detected

CPU: total 8 (initial active 8) (4 cores per cpu, 2 threads per core) family 6 model 142 stepping 10 microcode 0xe0, cx8, cmov, fxsr, ht, mmx, 3dnowpref, sse, sse2, sse3, ssse3, sse4.1, sse4.2, popcnt, lzcnt, tsc, tscinvbit, avx, avx2, aes, erms, clmul, bmi1, bmi2, adx, fma, vzeroupper, clflush, clflushopt, hv

Memory: 4k page, system-wide physical 8101M (541M free)
TotalPageFile size 10149M (AvailPageFile size 74M)
current process WorkingSet (physical memory assigned to process): 343M, peak: 344M
current process commit charge ("private bytes"): 387M, peak: 463M

vm_info: OpenJDK 64-Bit Server VM (17.0.2+8) for windows-amd64 JRE (17.0.2+8), built on Jan 20 2022 04:52:34 by "" with MS VC++ 16.7 (VS2019)

END.
