#
# There is insufficient memory for the Java Runtime Environment to continue.
# Native memory allocation (malloc) failed to allocate 987200 bytes for Chunk::new
# Possible reasons:
#   The system is out of physical RAM or swap space
#   The process is running with CompressedOops enabled, and the Java Heap may be blocking the growth of the native heap
# Possible solutions:
#   Reduce memory load on the system
#   Increase physical memory or swap space
#   Check if swap backing store is full
#   Decrease Java heap size (-Xmx/-Xms)
#   Decrease number of Java threads
#   Decrease Java thread stack sizes (-Xss)
#   Set larger code cache with -XX:ReservedCodeCacheSize=
#   JVM is running with Unscaled Compressed Oops mode in which the Java heap is
#     placed in the first 4GB address space. The Java Heap base address is the
#     maximum limit for the native heap growth. Please use -XX:HeapBaseMinAddress
#     to set the Java Heap base and to place the Java Heap above 4GB virtual address.
# This output file may be truncated or incomplete.
#
#  Out of Memory Error (arena.cpp:189), pid=4404, tid=6596
#
# JRE version: OpenJDK Runtime Environment Temurin-17.0.2+8 (17.0.2+8) (build 17.0.2+8)
# Java VM: OpenJDK 64-Bit Server VM Temurin-17.0.2+8 (17.0.2+8, mixed mode, tiered, compressed oops, compressed class ptrs, g1 gc, windows-amd64)
# No core dump will be written. Minidumps are not enabled by default on client versions of Windows
#

---------------  S U M M A R Y ------------

Command Line: -Dfile.encoding=UTF-8 -XX:+ShowCodeDetailsInExceptionMessages com.spring.securityapi.SecurityapiApplication

Host: Intel(R) Core(TM) i7-8550U CPU @ 1.80GHz, 8 cores, 7G,  Windows 11 , 64 bit Build 22621 (10.0.22621.755)
Time: Tue Dec 20 02:12:45 2022 Paris, Madrid elapsed time: 0.782659 seconds (0d 0h 0m 0s)

---------------  T H R E A D  ---------------

Current thread (0x000001f3bb835070):  JavaThread "C2 CompilerThread0" daemon [_thread_in_native, id=6596, stack(0x0000009fcee00000,0x0000009fcef00000)]


Current CompileTask:
C2:    782  862   !   4       java.util.jar.Attributes::read (494 bytes)

Stack: [0x0000009fcee00000,0x0000009fcef00000]
Native frames: (J=compiled Java code, j=interpreted, Vv=VM code, C=native code)
V  [jvm.dll+0x67564a]
V  [jvm.dll+0x82fc04]
V  [jvm.dll+0x8313ae]
V  [jvm.dll+0x831a13]
V  [jvm.dll+0x245235]
V  [jvm.dll+0xabd7b]
V  [jvm.dll+0xac30c]
V  [jvm.dll+0x3631f7]
V  [jvm.dll+0x32d891]
V  [jvm.dll+0x32cd3a]
V  [jvm.dll+0x2180d1]
V  [jvm.dll+0x2174f1]
V  [jvm.dll+0x1a3a8d]
V  [jvm.dll+0x226ef8]
V  [jvm.dll+0x22503c]
V  [jvm.dll+0x7e596b]
V  [jvm.dll+0x7dff2a]
V  [jvm.dll+0x6744d5]
C  [ucrtbase.dll+0x29363]
C  [KERNEL32.DLL+0x1244d]
C  [ntdll.dll+0x5dfb8]


---------------  P R O C E S S  ---------------

Threads class SMR info:
_java_thread_list=0x000001f3bddcbe70, length=16, elements={
0x000001f3a0f36730, 0x000001f3bb813020, 0x000001f3bae9b280, 0x000001f3baeb3280,
0x000001f3baeb5b50, 0x000001f3bb8266a0, 0x000001f3bb826f60, 0x000001f3bb835070,
0x000001f3bb835970, 0x000001f3bb837670, 0x000001f3bb9b3b20, 0x000001f3bb9c2020,
0x000001f3a0f375a0, 0x000001f3bd1fca90, 0x000001f3bdcbec20, 0x000001f3bddcb2f0
}

Java Threads: ( => current thread )
  0x000001f3a0f36730 JavaThread "main" [_thread_blocked, id=12396, stack(0x0000009fce100000,0x0000009fce200000)]
  0x000001f3bb813020 JavaThread "Reference Handler" daemon [_thread_blocked, id=19176, stack(0x0000009fce800000,0x0000009fce900000)]
  0x000001f3bae9b280 JavaThread "Finalizer" daemon [_thread_blocked, id=8852, stack(0x0000009fce900000,0x0000009fcea00000)]
  0x000001f3baeb3280 JavaThread "Signal Dispatcher" daemon [_thread_blocked, id=13440, stack(0x0000009fcea00000,0x0000009fceb00000)]
  0x000001f3baeb5b50 JavaThread "Attach Listener" daemon [_thread_blocked, id=17576, stack(0x0000009fceb00000,0x0000009fcec00000)]
  0x000001f3bb8266a0 JavaThread "Service Thread" daemon [_thread_blocked, id=2928, stack(0x0000009fcec00000,0x0000009fced00000)]
  0x000001f3bb826f60 JavaThread "Monitor Deflation Thread" daemon [_thread_blocked, id=9324, stack(0x0000009fced00000,0x0000009fcee00000)]
=>0x000001f3bb835070 JavaThread "C2 CompilerThread0" daemon [_thread_in_native, id=6596, stack(0x0000009fcee00000,0x0000009fcef00000)]
  0x000001f3bb835970 JavaThread "C1 CompilerThread0" daemon [_thread_blocked, id=20156, stack(0x0000009fcef00000,0x0000009fcf000000)]
  0x000001f3bb837670 JavaThread "Sweeper thread" daemon [_thread_blocked, id=5392, stack(0x0000009fcf000000,0x0000009fcf100000)]
  0x000001f3bb9b3b20 JavaThread "Notification Thread" daemon [_thread_blocked, id=7900, stack(0x0000009fcf100000,0x0000009fcf200000)]
  0x000001f3bb9c2020 JavaThread "Common-Cleaner" daemon [_thread_blocked, id=3712, stack(0x0000009fcf300000,0x0000009fcf400000)]
  0x000001f3a0f375a0 JavaThread "C2 CompilerThread1" daemon [_thread_in_native, id=18780, stack(0x0000009fcf400000,0x0000009fcf500000)]
  0x000001f3bd1fca90 JavaThread "C2 CompilerThread2" daemon [_thread_in_native, id=18920, stack(0x0000009fcf500000,0x0000009fcf600000)]
  0x000001f3bdcbec20 JavaThread "Thread-0" [_thread_blocked, id=3784, stack(0x0000009fcf600000,0x0000009fcf700000)]
  0x000001f3bddcb2f0 JavaThread "restartedMain" [_thread_in_vm, id=11096, stack(0x0000009fcf700000,0x0000009fcf800000)]

Other Threads:
  0x000001f3baec8a20 VMThread "VM Thread" [stack: 0x0000009fce700000,0x0000009fce800000] [id=14252]
  0x000001f3a0f9c8b0 WatcherThread [stack: 0x0000009fcf200000,0x0000009fcf300000] [id=8452]
  0x000001f3a0f75be0 GCTaskThread "GC Thread#0" [stack: 0x0000009fce200000,0x0000009fce300000] [id=3136]
  0x000001f3be213540 GCTaskThread "GC Thread#1" [stack: 0x0000009fcf800000,0x0000009fcf900000] [id=16160]
  0x000001f3be2137f0 GCTaskThread "GC Thread#2" [stack: 0x0000009fcf900000,0x0000009fcfa00000] [id=11856]
  0x000001f3bdf6d4c0 GCTaskThread "GC Thread#3" [stack: 0x0000009fcfa00000,0x0000009fcfb00000] [id=2960]
  0x000001f3bdf6dd80 GCTaskThread "GC Thread#4" [stack: 0x0000009fcfb00000,0x0000009fcfc00000] [id=11200]
  0x000001f3bdf6e030 GCTaskThread "GC Thread#5" [stack: 0x0000009fcfc00000,0x0000009fcfd00000] [id=15712]
  0x000001f3a0f871d0 ConcurrentGCThread "G1 Main Marker" [stack: 0x0000009fce300000,0x0000009fce400000] [id=13248]
  0x000001f3a0f87be0 ConcurrentGCThread "G1 Conc#0" [stack: 0x0000009fce400000,0x0000009fce500000] [id=10884]
  0x000001f3a0fee320 ConcurrentGCThread "G1 Refine#0" [stack: 0x0000009fce500000,0x0000009fce600000] [id=18320]
  0x000001f3a0feebe0 ConcurrentGCThread "G1 Service" [stack: 0x0000009fce600000,0x0000009fce700000] [id=19760]

Threads with active compile tasks:
C2 CompilerThread0      809  862   !   4       java.util.jar.Attributes::read (494 bytes)
C2 CompilerThread1      809  967  s!   4       jdk.internal.loader.URLClassPath::getLoader (194 bytes)
C2 CompilerThread2      809  969       4       jdk.internal.org.objectweb.asm.ClassReader::readUnsignedShort (26 bytes)

VM state: not at safepoint (normal execution)

VM Mutex/Monitor currently owned by a thread: None

Heap address: 0x0000000081600000, size: 2026 MB, Compressed Oops mode: 32-bit

CDS archive(s) not mapped
Compressed class space mapped at: 0x0000000100000000-0x0000000140000000, reserved size: 1073741824
Narrow klass base: 0x0000000000000000, Narrow klass shift: 3, Narrow klass range: 0x140000000

GC Precious Log:
 CPUs: 8 total, 8 available
 Memory: 8101M
 Large Page Support: Disabled
 NUMA Support: Disabled
 Compressed Oops: Enabled (32-bit)
 Heap Region Size: 1M
 Heap Min Capacity: 8M
 Heap Initial Capacity: 128M
 Heap Max Capacity: 2026M
 Pre-touch: Disabled
 Parallel Workers: 8
 Concurrent Workers: 2
 Concurrent Refinement Workers: 8
 Periodic GC: Disabled

Heap:
 garbage-first heap   total 131072K, used 8088K [0x0000000081600000, 0x0000000100000000)
  region size 1024K, 5 young (5120K), 3 survivors (3072K)
 Metaspace       used 12705K, committed 12928K, reserved 1064960K
  class space    used 1248K, committed 1344K, reserved 1048576K

Heap Regions: E=young(eden), S=young(survivor), O=old, HS=humongous(starts), HC=humongous(continues), CS=collection set, F=free, OA=open archive, CA=closed archive, TAMS=top-at-mark-start (previous, next)
|   0|0x0000000081600000, 0x0000000081700000, 0x0000000081700000|100%|HS|  |TAMS 0x0000000081600000, 0x0000000081600000| Complete 
|   1|0x0000000081700000, 0x0000000081800000, 0x0000000081800000|100%| O|  |TAMS 0x0000000081700000, 0x0000000081700000| Untracked 
|   2|0x0000000081800000, 0x0000000081900000, 0x0000000081900000|100%| O|  |TAMS 0x0000000081800000, 0x0000000081800000| Untracked 
|   3|0x0000000081900000, 0x00000000819e6200, 0x0000000081a00000| 89%| O|  |TAMS 0x0000000081900000, 0x0000000081900000| Untracked 
|   4|0x0000000081a00000, 0x0000000081a00000, 0x0000000081b00000|  0%| F|  |TAMS 0x0000000081a00000, 0x0000000081a00000| Untracked 
|   5|0x0000000081b00000, 0x0000000081b00000, 0x0000000081c00000|  0%| F|  |TAMS 0x0000000081b00000, 0x0000000081b00000| Untracked 
|   6|0x0000000081c00000, 0x0000000081c00000, 0x0000000081d00000|  0%| F|  |TAMS 0x0000000081c00000, 0x0000000081c00000| Untracked 
|   7|0x0000000081d00000, 0x0000000081d00000, 0x0000000081e00000|  0%| F|  |TAMS 0x0000000081d00000, 0x0000000081d00000| Untracked 
|   8|0x0000000081e00000, 0x0000000081e00000, 0x0000000081f00000|  0%| F|  |TAMS 0x0000000081e00000, 0x0000000081e00000| Untracked 
|   9|0x0000000081f00000, 0x0000000081f00000, 0x0000000082000000|  0%| F|  |TAMS 0x0000000081f00000, 0x0000000081f00000| Untracked 
|  10|0x0000000082000000, 0x0000000082000000, 0x0000000082100000|  0%| F|  |TAMS 0x0000000082000000, 0x0000000082000000| Untracked 
|  11|0x0000000082100000, 0x0000000082100000, 0x0000000082200000|  0%| F|  |TAMS 0x0000000082100000, 0x0000000082100000| Untracked 
|  12|0x0000000082200000, 0x0000000082200000, 0x0000000082300000|  0%| F|  |TAMS 0x0000000082200000, 0x0000000082200000| Untracked 
|  13|0x0000000082300000, 0x0000000082300000, 0x0000000082400000|  0%| F|  |TAMS 0x0000000082300000, 0x0000000082300000| Untracked 
|  14|0x0000000082400000, 0x0000000082400000, 0x0000000082500000|  0%| F|  |TAMS 0x0000000082400000, 0x0000000082400000| Untracked 
|  15|0x0000000082500000, 0x0000000082500000, 0x0000000082600000|  0%| F|  |TAMS 0x0000000082500000, 0x0000000082500000| Untracked 
|  16|0x0000000082600000, 0x0000000082600000, 0x0000000082700000|  0%| F|  |TAMS 0x0000000082600000, 0x0000000082600000| Untracked 
|  17|0x0000000082700000, 0x0000000082700000, 0x0000000082800000|  0%| F|  |TAMS 0x0000000082700000, 0x0000000082700000| Untracked 
|  18|0x0000000082800000, 0x0000000082800000, 0x0000000082900000|  0%| F|  |TAMS 0x0000000082800000, 0x0000000082800000| Untracked 
|  19|0x0000000082900000, 0x0000000082900000, 0x0000000082a00000|  0%| F|  |TAMS 0x0000000082900000, 0x0000000082900000| Untracked 
|  20|0x0000000082a00000, 0x0000000082a00000, 0x0000000082b00000|  0%| F|  |TAMS 0x0000000082a00000, 0x0000000082a00000| Untracked 
|  21|0x0000000082b00000, 0x0000000082b00000, 0x0000000082c00000|  0%| F|  |TAMS 0x0000000082b00000, 0x0000000082b00000| Untracked 
|  22|0x0000000082c00000, 0x0000000082c00000, 0x0000000082d00000|  0%| F|  |TAMS 0x0000000082c00000, 0x0000000082c00000| Untracked 
|  23|0x0000000082d00000, 0x0000000082d00000, 0x0000000082e00000|  0%| F|  |TAMS 0x0000000082d00000, 0x0000000082d00000| Untracked 
|  24|0x0000000082e00000, 0x0000000082e00000, 0x0000000082f00000|  0%| F|  |TAMS 0x0000000082e00000, 0x0000000082e00000| Untracked 
|  25|0x0000000082f00000, 0x0000000082f00000, 0x0000000083000000|  0%| F|  |TAMS 0x0000000082f00000, 0x0000000082f00000| Untracked 
|  26|0x0000000083000000, 0x0000000083000000, 0x0000000083100000|  0%| F|  |TAMS 0x0000000083000000, 0x0000000083000000| Untracked 
|  27|0x0000000083100000, 0x0000000083100000, 0x0000000083200000|  0%| F|  |TAMS 0x0000000083100000, 0x0000000083100000| Untracked 
|  28|0x0000000083200000, 0x0000000083200000, 0x0000000083300000|  0%| F|  |TAMS 0x0000000083200000, 0x0000000083200000| Untracked 
|  29|0x0000000083300000, 0x0000000083300000, 0x0000000083400000|  0%| F|  |TAMS 0x0000000083300000, 0x0000000083300000| Untracked 
|  30|0x0000000083400000, 0x0000000083400000, 0x0000000083500000|  0%| F|  |TAMS 0x0000000083400000, 0x0000000083400000| Untracked 
|  31|0x0000000083500000, 0x0000000083500000, 0x0000000083600000|  0%| F|  |TAMS 0x0000000083500000, 0x0000000083500000| Untracked 
|  32|0x0000000083600000, 0x0000000083600000, 0x0000000083700000|  0%| F|  |TAMS 0x0000000083600000, 0x0000000083600000| Untracked 
|  33|0x0000000083700000, 0x0000000083700000, 0x0000000083800000|  0%| F|  |TAMS 0x0000000083700000, 0x0000000083700000| Untracked 
|  34|0x0000000083800000, 0x0000000083800000, 0x0000000083900000|  0%| F|  |TAMS 0x0000000083800000, 0x0000000083800000| Untracked 
|  35|0x0000000083900000, 0x0000000083900000, 0x0000000083a00000|  0%| F|  |TAMS 0x0000000083900000, 0x0000000083900000| Untracked 
|  36|0x0000000083a00000, 0x0000000083a00000, 0x0000000083b00000|  0%| F|  |TAMS 0x0000000083a00000, 0x0000000083a00000| Untracked 
|  37|0x0000000083b00000, 0x0000000083b00000, 0x0000000083c00000|  0%| F|  |TAMS 0x0000000083b00000, 0x0000000083b00000| Untracked 
|  38|0x0000000083c00000, 0x0000000083c00000, 0x0000000083d00000|  0%| F|  |TAMS 0x0000000083c00000, 0x0000000083c00000| Untracked 
|  39|0x0000000083d00000, 0x0000000083d00000, 0x0000000083e00000|  0%| F|  |TAMS 0x0000000083d00000, 0x0000000083d00000| Untracked 
|  40|0x0000000083e00000, 0x0000000083e00000, 0x0000000083f00000|  0%| F|  |TAMS 0x0000000083e00000, 0x0000000083e00000| Untracked 
|  41|0x0000000083f00000, 0x0000000083f00000, 0x0000000084000000|  0%| F|  |TAMS 0x0000000083f00000, 0x0000000083f00000| Untracked 
|  42|0x0000000084000000, 0x0000000084000000, 0x0000000084100000|  0%| F|  |TAMS 0x0000000084000000, 0x0000000084000000| Untracked 
|  43|0x0000000084100000, 0x0000000084100000, 0x0000000084200000|  0%| F|  |TAMS 0x0000000084100000, 0x0000000084100000| Untracked 
|  44|0x0000000084200000, 0x0000000084200000, 0x0000000084300000|  0%| F|  |TAMS 0x0000000084200000, 0x0000000084200000| Untracked 
|  45|0x0000000084300000, 0x0000000084300000, 0x0000000084400000|  0%| F|  |TAMS 0x0000000084300000, 0x0000000084300000| Untracked 
|  46|0x0000000084400000, 0x0000000084400000, 0x0000000084500000|  0%| F|  |TAMS 0x0000000084400000, 0x0000000084400000| Untracked 
|  47|0x0000000084500000, 0x0000000084500000, 0x0000000084600000|  0%| F|  |TAMS 0x0000000084500000, 0x0000000084500000| Untracked 
|  48|0x0000000084600000, 0x0000000084600000, 0x0000000084700000|  0%| F|  |TAMS 0x0000000084600000, 0x0000000084600000| Untracked 
|  49|0x0000000084700000, 0x0000000084700000, 0x0000000084800000|  0%| F|  |TAMS 0x0000000084700000, 0x0000000084700000| Untracked 
|  50|0x0000000084800000, 0x0000000084800000, 0x0000000084900000|  0%| F|  |TAMS 0x0000000084800000, 0x0000000084800000| Untracked 
|  51|0x0000000084900000, 0x0000000084900000, 0x0000000084a00000|  0%| F|  |TAMS 0x0000000084900000, 0x0000000084900000| Untracked 
|  52|0x0000000084a00000, 0x0000000084a00000, 0x0000000084b00000|  0%| F|  |TAMS 0x0000000084a00000, 0x0000000084a00000| Untracked 
|  53|0x0000000084b00000, 0x0000000084b00000, 0x0000000084c00000|  0%| F|  |TAMS 0x0000000084b00000, 0x0000000084b00000| Untracked 
|  54|0x0000000084c00000, 0x0000000084c00000, 0x0000000084d00000|  0%| F|  |TAMS 0x0000000084c00000, 0x0000000084c00000| Untracked 
|  55|0x0000000084d00000, 0x0000000084d00000, 0x0000000084e00000|  0%| F|  |TAMS 0x0000000084d00000, 0x0000000084d00000| Untracked 
|  56|0x0000000084e00000, 0x0000000084e00000, 0x0000000084f00000|  0%| F|  |TAMS 0x0000000084e00000, 0x0000000084e00000| Untracked 
|  57|0x0000000084f00000, 0x0000000084f00000, 0x0000000085000000|  0%| F|  |TAMS 0x0000000084f00000, 0x0000000084f00000| Untracked 
|  58|0x0000000085000000, 0x0000000085000000, 0x0000000085100000|  0%| F|  |TAMS 0x0000000085000000, 0x0000000085000000| Untracked 
|  59|0x0000000085100000, 0x0000000085100000, 0x0000000085200000|  0%| F|  |TAMS 0x0000000085100000, 0x0000000085100000| Untracked 
|  60|0x0000000085200000, 0x0000000085200000, 0x0000000085300000|  0%| F|  |TAMS 0x0000000085200000, 0x0000000085200000| Untracked 
|  61|0x0000000085300000, 0x0000000085300000, 0x0000000085400000|  0%| F|  |TAMS 0x0000000085300000, 0x0000000085300000| Untracked 
|  62|0x0000000085400000, 0x0000000085400000, 0x0000000085500000|  0%| F|  |TAMS 0x0000000085400000, 0x0000000085400000| Untracked 
|  63|0x0000000085500000, 0x0000000085500000, 0x0000000085600000|  0%| F|  |TAMS 0x0000000085500000, 0x0000000085500000| Untracked 
|  64|0x0000000085600000, 0x0000000085600000, 0x0000000085700000|  0%| F|  |TAMS 0x0000000085600000, 0x0000000085600000| Untracked 
|  65|0x0000000085700000, 0x0000000085700000, 0x0000000085800000|  0%| F|  |TAMS 0x0000000085700000, 0x0000000085700000| Untracked 
|  66|0x0000000085800000, 0x0000000085800000, 0x0000000085900000|  0%| F|  |TAMS 0x0000000085800000, 0x0000000085800000| Untracked 
|  67|0x0000000085900000, 0x0000000085900000, 0x0000000085a00000|  0%| F|  |TAMS 0x0000000085900000, 0x0000000085900000| Untracked 
|  68|0x0000000085a00000, 0x0000000085a00000, 0x0000000085b00000|  0%| F|  |TAMS 0x0000000085a00000, 0x0000000085a00000| Untracked 
|  69|0x0000000085b00000, 0x0000000085b00000, 0x0000000085c00000|  0%| F|  |TAMS 0x0000000085b00000, 0x0000000085b00000| Untracked 
|  70|0x0000000085c00000, 0x0000000085c00000, 0x0000000085d00000|  0%| F|  |TAMS 0x0000000085c00000, 0x0000000085c00000| Untracked 
|  71|0x0000000085d00000, 0x0000000085d00000, 0x0000000085e00000|  0%| F|  |TAMS 0x0000000085d00000, 0x0000000085d00000| Untracked 
|  72|0x0000000085e00000, 0x0000000085e00000, 0x0000000085f00000|  0%| F|  |TAMS 0x0000000085e00000, 0x0000000085e00000| Untracked 
|  73|0x0000000085f00000, 0x0000000085f00000, 0x0000000086000000|  0%| F|  |TAMS 0x0000000085f00000, 0x0000000085f00000| Untracked 
|  74|0x0000000086000000, 0x0000000086000000, 0x0000000086100000|  0%| F|  |TAMS 0x0000000086000000, 0x0000000086000000| Untracked 
|  75|0x0000000086100000, 0x0000000086100000, 0x0000000086200000|  0%| F|  |TAMS 0x0000000086100000, 0x0000000086100000| Untracked 
|  76|0x0000000086200000, 0x0000000086200000, 0x0000000086300000|  0%| F|  |TAMS 0x0000000086200000, 0x0000000086200000| Untracked 
|  77|0x0000000086300000, 0x0000000086300000, 0x0000000086400000|  0%| F|  |TAMS 0x0000000086300000, 0x0000000086300000| Untracked 
|  78|0x0000000086400000, 0x0000000086400000, 0x0000000086500000|  0%| F|  |TAMS 0x0000000086400000, 0x0000000086400000| Untracked 
|  79|0x0000000086500000, 0x0000000086500000, 0x0000000086600000|  0%| F|  |TAMS 0x0000000086500000, 0x0000000086500000| Untracked 
|  80|0x0000000086600000, 0x0000000086600000, 0x0000000086700000|  0%| F|  |TAMS 0x0000000086600000, 0x0000000086600000| Untracked 
|  81|0x0000000086700000, 0x0000000086700000, 0x0000000086800000|  0%| F|  |TAMS 0x0000000086700000, 0x0000000086700000| Untracked 
|  82|0x0000000086800000, 0x0000000086800000, 0x0000000086900000|  0%| F|  |TAMS 0x0000000086800000, 0x0000000086800000| Untracked 
|  83|0x0000000086900000, 0x0000000086900000, 0x0000000086a00000|  0%| F|  |TAMS 0x0000000086900000, 0x0000000086900000| Untracked 
|  84|0x0000000086a00000, 0x0000000086a00000, 0x0000000086b00000|  0%| F|  |TAMS 0x0000000086a00000, 0x0000000086a00000| Untracked 
|  85|0x0000000086b00000, 0x0000000086b00000, 0x0000000086c00000|  0%| F|  |TAMS 0x0000000086b00000, 0x0000000086b00000| Untracked 
|  86|0x0000000086c00000, 0x0000000086c00000, 0x0000000086d00000|  0%| F|  |TAMS 0x0000000086c00000, 0x0000000086c00000| Untracked 
|  87|0x0000000086d00000, 0x0000000086d00000, 0x0000000086e00000|  0%| F|  |TAMS 0x0000000086d00000, 0x0000000086d00000| Untracked 
|  88|0x0000000086e00000, 0x0000000086e00000, 0x0000000086f00000|  0%| F|  |TAMS 0x0000000086e00000, 0x0000000086e00000| Untracked 
|  89|0x0000000086f00000, 0x0000000086f00000, 0x0000000087000000|  0%| F|  |TAMS 0x0000000086f00000, 0x0000000086f00000| Untracked 
|  90|0x0000000087000000, 0x0000000087000000, 0x0000000087100000|  0%| F|  |TAMS 0x0000000087000000, 0x0000000087000000| Untracked 
|  91|0x0000000087100000, 0x0000000087100000, 0x0000000087200000|  0%| F|  |TAMS 0x0000000087100000, 0x0000000087100000| Untracked 
|  92|0x0000000087200000, 0x0000000087200000, 0x0000000087300000|  0%| F|  |TAMS 0x0000000087200000, 0x0000000087200000| Untracked 
|  93|0x0000000087300000, 0x0000000087300000, 0x0000000087400000|  0%| F|  |TAMS 0x0000000087300000, 0x0000000087300000| Untracked 
|  94|0x0000000087400000, 0x0000000087400000, 0x0000000087500000|  0%| F|  |TAMS 0x0000000087400000, 0x0000000087400000| Untracked 
|  95|0x0000000087500000, 0x0000000087500000, 0x0000000087600000|  0%| F|  |TAMS 0x0000000087500000, 0x0000000087500000| Untracked 
|  96|0x0000000087600000, 0x0000000087600000, 0x0000000087700000|  0%| F|  |TAMS 0x0000000087600000, 0x0000000087600000| Untracked 
|  97|0x0000000087700000, 0x0000000087700000, 0x0000000087800000|  0%| F|  |TAMS 0x0000000087700000, 0x0000000087700000| Untracked 
|  98|0x0000000087800000, 0x0000000087800000, 0x0000000087900000|  0%| F|  |TAMS 0x0000000087800000, 0x0000000087800000| Untracked 
|  99|0x0000000087900000, 0x0000000087900000, 0x0000000087a00000|  0%| F|  |TAMS 0x0000000087900000, 0x0000000087900000| Untracked 
| 100|0x0000000087a00000, 0x0000000087a00000, 0x0000000087b00000|  0%| F|  |TAMS 0x0000000087a00000, 0x0000000087a00000| Untracked 
| 101|0x0000000087b00000, 0x0000000087b00000, 0x0000000087c00000|  0%| F|  |TAMS 0x0000000087b00000, 0x0000000087b00000| Untracked 
| 102|0x0000000087c00000, 0x0000000087d00000, 0x0000000087d00000|100%| S|CS|TAMS 0x0000000087c00000, 0x0000000087c00000| Complete 
| 103|0x0000000087d00000, 0x0000000087e00000, 0x0000000087e00000|100%| S|CS|TAMS 0x0000000087d00000, 0x0000000087d00000| Complete 
| 104|0x0000000087e00000, 0x0000000087f00000, 0x0000000087f00000|100%| S|CS|TAMS 0x0000000087e00000, 0x0000000087e00000| Complete 
| 105|0x0000000087f00000, 0x0000000087f00000, 0x0000000088000000|  0%| F|  |TAMS 0x0000000087f00000, 0x0000000087f00000| Untracked 
| 106|0x0000000088000000, 0x0000000088000000, 0x0000000088100000|  0%| F|  |TAMS 0x0000000088000000, 0x0000000088000000| Untracked 
| 107|0x0000000088100000, 0x0000000088100000, 0x0000000088200000|  0%| F|  |TAMS 0x0000000088100000, 0x0000000088100000| Untracked 
| 108|0x0000000088200000, 0x0000000088200000, 0x0000000088300000|  0%| F|  |TAMS 0x0000000088200000, 0x0000000088200000| Untracked 
| 109|0x0000000088300000, 0x0000000088300000, 0x0000000088400000|  0%| F|  |TAMS 0x0000000088300000, 0x0000000088300000| Untracked 
| 110|0x0000000088400000, 0x0000000088400000, 0x0000000088500000|  0%| F|  |TAMS 0x0000000088400000, 0x0000000088400000| Untracked 
| 111|0x0000000088500000, 0x0000000088500000, 0x0000000088600000|  0%| F|  |TAMS 0x0000000088500000, 0x0000000088500000| Untracked 
| 112|0x0000000088600000, 0x0000000088600000, 0x0000000088700000|  0%| F|  |TAMS 0x0000000088600000, 0x0000000088600000| Untracked 
| 113|0x0000000088700000, 0x0000000088700000, 0x0000000088800000|  0%| F|  |TAMS 0x0000000088700000, 0x0000000088700000| Untracked 
| 114|0x0000000088800000, 0x0000000088800000, 0x0000000088900000|  0%| F|  |TAMS 0x0000000088800000, 0x0000000088800000| Untracked 
| 115|0x0000000088900000, 0x0000000088900000, 0x0000000088a00000|  0%| F|  |TAMS 0x0000000088900000, 0x0000000088900000| Untracked 
| 116|0x0000000088a00000, 0x0000000088a00000, 0x0000000088b00000|  0%| F|  |TAMS 0x0000000088a00000, 0x0000000088a00000| Untracked 
| 117|0x0000000088b00000, 0x0000000088b00000, 0x0000000088c00000|  0%| F|  |TAMS 0x0000000088b00000, 0x0000000088b00000| Untracked 
| 118|0x0000000088c00000, 0x0000000088c00000, 0x0000000088d00000|  0%| F|  |TAMS 0x0000000088c00000, 0x0000000088c00000| Untracked 
| 119|0x0000000088d00000, 0x0000000088d00000, 0x0000000088e00000|  0%| F|  |TAMS 0x0000000088d00000, 0x0000000088d00000| Untracked 
| 120|0x0000000088e00000, 0x0000000088e00000, 0x0000000088f00000|  0%| F|  |TAMS 0x0000000088e00000, 0x0000000088e00000| Untracked 
| 121|0x0000000088f00000, 0x0000000088f00000, 0x0000000089000000|  0%| F|  |TAMS 0x0000000088f00000, 0x0000000088f00000| Untracked 
| 122|0x0000000089000000, 0x0000000089000000, 0x0000000089100000|  0%| F|  |TAMS 0x0000000089000000, 0x0000000089000000| Untracked 
| 123|0x0000000089100000, 0x0000000089100000, 0x0000000089200000|  0%| F|  |TAMS 0x0000000089100000, 0x0000000089100000| Untracked 
| 124|0x0000000089200000, 0x0000000089200000, 0x0000000089300000|  0%| F|  |TAMS 0x0000000089200000, 0x0000000089200000| Untracked 
| 125|0x0000000089300000, 0x0000000089300000, 0x0000000089400000|  0%| F|  |TAMS 0x0000000089300000, 0x0000000089300000| Untracked 
| 126|0x0000000089400000, 0x0000000089500000, 0x0000000089500000|100%| E|  |TAMS 0x0000000089400000, 0x0000000089400000| Complete 
| 127|0x0000000089500000, 0x0000000089600000, 0x0000000089600000|100%| E|CS|TAMS 0x0000000089500000, 0x0000000089500000| Complete 

Card table byte_map: [0x000001f3b3d00000,0x000001f3b4100000] _byte_map_base: 0x000001f3b38f5000

Marking Bits (Prev, Next): (CMBitMap*) 0x000001f3a0f761f0, (CMBitMap*) 0x000001f3a0f76230
 Prev Bits: [0x000001f3b4500000, 0x000001f3b64a8000)
 Next Bits: [0x000001f3b64b0000, 0x000001f3b8458000)

Polling page: 0x000001f39eee0000

Metaspace:

Usage:
  Non-class:     11.20 MB used.
      Class:      1.22 MB used.
       Both:     12.43 MB used.

Virtual space:
  Non-class space:       16.00 MB reserved,      11.31 MB ( 71%) committed,  2 nodes.
      Class space:        1.00 GB reserved,       1.31 MB ( <1%) committed,  1 nodes.
             Both:        1.02 GB reserved,      12.62 MB (  1%) committed. 

Chunk freelists:
   Non-Class:  544.00 KB
       Class:  2.61 MB
        Both:  3.14 MB

MaxMetaspaceSize: unlimited
CompressedClassSpaceSize: 1.00 GB
Initial GC threshold: 21.00 MB
Current GC threshold: 21.00 MB
CDS: off
MetaspaceReclaimPolicy: balanced
 - commit_granule_bytes: 65536.
 - commit_granule_words: 8192.
 - virtual_space_node_default_size: 1048576.
 - enlarge_chunks_in_place: 1.
 - new_chunks_are_fully_committed: 0.
 - uncommit_free_chunks: 1.
 - use_allocation_guard: 0.
 - handle_deallocations: 1.


Internal statistics:

num_allocs_failed_limit: 0.
num_arena_births: 34.
num_arena_deaths: 0.
num_vsnodes_births: 3.
num_vsnodes_deaths: 0.
num_space_committed: 202.
num_space_uncommitted: 0.
num_chunks_returned_to_freelist: 0.
num_chunks_taken_from_freelist: 168.
num_chunk_merges: 0.
num_chunk_splits: 98.
num_chunks_enlarged: 72.
num_purges: 0.
num_inconsistent_stats: 0.

CodeHeap 'non-profiled nmethods': size=120000Kb used=411Kb max_used=411Kb free=119588Kb
 bounds [0x000001f3ac0a0000, 0x000001f3ac310000, 0x000001f3b35d0000]
CodeHeap 'profiled nmethods': size=120000Kb used=1870Kb max_used=1870Kb free=118129Kb
 bounds [0x000001f3a4b70000, 0x000001f3a4de0000, 0x000001f3ac0a0000]
CodeHeap 'non-nmethods': size=5760Kb used=1138Kb max_used=1179Kb free=4621Kb
 bounds [0x000001f3a45d0000, 0x000001f3a4840000, 0x000001f3a4b70000]
 total_blobs=1396 nmethods=970 adapters=339
 compilation: enabled
              stopped_count=0, restarted_count=0
 full_count=0

Compilation events (20 events):
Event: 0.777 Thread 0x000001f3bb835970 nmethod 935 0x000001f3a4d39b90 code [0x000001f3a4d39d40, 0x000001f3a4d39f78]
Event: 0.777 Thread 0x000001f3bb835970  936       3       jdk.internal.org.objectweb.asm.SymbolTable::addConstantMemberReference (147 bytes)
Event: 0.777 Thread 0x000001f3bb835970 nmethod 936 0x000001f3a4d3a010 code [0x000001f3a4d3a280, 0x000001f3a4d3ab48]
Event: 0.777 Thread 0x000001f3bb835970  937       3       jdk.internal.org.objectweb.asm.SymbolTable::hash (20 bytes)
Event: 0.777 Thread 0x000001f3bb835970 nmethod 937 0x000001f3a4d3b090 code [0x000001f3a4d3b240, 0x000001f3a4d3b408]
Event: 0.777 Thread 0x000001f3bb835970  938   !   3       java.lang.invoke.MemberName$Factory::resolve (159 bytes)
Event: 0.778 Thread 0x000001f3bb835970 nmethod 938 0x000001f3a4d3b590 code [0x000001f3a4d3b7c0, 0x000001f3a4d3bea8]
Event: 0.778 Thread 0x000001f3bb835970  939       3       java.lang.invoke.MemberName::getModifiers (8 bytes)
Event: 0.778 Thread 0x000001f3bb835970 nmethod 939 0x000001f3a4d3c190 code [0x000001f3a4d3c320, 0x000001f3a4d3c438]
Event: 0.778 Thread 0x000001f3bb835970  940       3       java.util.ImmutableCollections$Set12::iterator (9 bytes)
Event: 0.779 Thread 0x000001f3bb835970 nmethod 940 0x000001f3a4d3c510 code [0x000001f3a4d3c6c0, 0x000001f3a4d3c998]
Event: 0.779 Thread 0x000001f3bb835970  941       3       java.util.ImmutableCollections$Set12$1::<init> (32 bytes)
Event: 0.779 Thread 0x000001f3bb835970 nmethod 941 0x000001f3a4d3ca90 code [0x000001f3a4d3cc40, 0x000001f3a4d3ce78]
Event: 0.779 Thread 0x000001f3bb835970  942       3       java.util.Optional::empty (6 bytes)
Event: 0.779 Thread 0x000001f3bb835970 nmethod 942 0x000001f3a4d3cf90 code [0x000001f3a4d3d120, 0x000001f3a4d3d218]
Event: 0.779 Thread 0x000001f3bb835970  943       3       jdk.internal.jimage.BasicImageReader::verifyLocation (39 bytes)
Event: 0.779 Thread 0x000001f3bd1fca90  944   !   4       java.nio.DirectByteBuffer::get (34 bytes)
Event: 0.780 Thread 0x000001f3bb835970 nmethod 943 0x000001f3a4d3d290 code [0x000001f3a4d3d460, 0x000001f3a4d3d728]
Event: 0.780 Thread 0x000001f3bd1fca90 nmethod 944 0x000001f3ac0fe410 code [0x000001f3ac0fe5a0, 0x000001f3ac0fe6d8]
Event: 0.780 Thread 0x000001f3bd1fca90  945       4       jdk.internal.jimage.ImageStringsReader::unmaskedHashCode (166 bytes)

GC Heap History (2 events):
Event: 0.750 GC heap before
{Heap before GC invocations=0 (full 0):
 garbage-first heap   total 131072K, used 23552K [0x0000000081600000, 0x0000000100000000)
  region size 1024K, 23 young (23552K), 0 survivors (0K)
 Metaspace       used 11951K, committed 12096K, reserved 1064960K
  class space    used 1142K, committed 1216K, reserved 1048576K
}
Event: 0.755 GC heap after
{Heap after GC invocations=1 (full 0):
 garbage-first heap   total 131072K, used 7064K [0x0000000081600000, 0x0000000100000000)
  region size 1024K, 3 young (3072K), 3 survivors (3072K)
 Metaspace       used 11951K, committed 12096K, reserved 1064960K
  class space    used 1142K, committed 1216K, reserved 1048576K
}

Deoptimization events (20 events):
Event: 0.683 Thread 0x000001f3a0f36730 DEOPT PACKING pc=0x000001f3ac0b79dc sp=0x0000009fce1fe370
Event: 0.683 Thread 0x000001f3a0f36730 DEOPT UNPACKING pc=0x000001f3a46223a3 sp=0x0000009fce1fe300 mode 2
Event: 0.684 Thread 0x000001f3a0f36730 DEOPT PACKING pc=0x000001f3a4cf71d6 sp=0x0000009fce1fe300
Event: 0.684 Thread 0x000001f3a0f36730 DEOPT UNPACKING pc=0x000001f3a4622b43 sp=0x0000009fce1fd788 mode 0
Event: 0.687 Thread 0x000001f3a0f36730 DEOPT PACKING pc=0x000001f3a4cf71d6 sp=0x0000009fce1fe370
Event: 0.687 Thread 0x000001f3a0f36730 DEOPT UNPACKING pc=0x000001f3a4622b43 sp=0x0000009fce1fd7f8 mode 0
Event: 0.689 Thread 0x000001f3a0f36730 DEOPT PACKING pc=0x000001f3a4cf71d6 sp=0x0000009fce1fe300
Event: 0.689 Thread 0x000001f3a0f36730 DEOPT UNPACKING pc=0x000001f3a4622b43 sp=0x0000009fce1fd788 mode 0
Event: 0.689 Thread 0x000001f3a0f36730 DEOPT PACKING pc=0x000001f3a4cf71d6 sp=0x0000009fce1fe370
Event: 0.689 Thread 0x000001f3a0f36730 DEOPT UNPACKING pc=0x000001f3a4622b43 sp=0x0000009fce1fd7f8 mode 0
Event: 0.691 Thread 0x000001f3a0f36730 DEOPT PACKING pc=0x000001f3a4cf71d6 sp=0x0000009fce1fe380
Event: 0.691 Thread 0x000001f3a0f36730 DEOPT UNPACKING pc=0x000001f3a4622b43 sp=0x0000009fce1fd808 mode 0
Event: 0.731 Thread 0x000001f3bddcb2f0 Uncommon trap: trap_request=0xffffff45 fr.pc=0x000001f3ac0efbe4 relative=0x0000000000001564
Event: 0.731 Thread 0x000001f3bddcb2f0 Uncommon trap: reason=unstable_if action=reinterpret pc=0x000001f3ac0efbe4 method=java.io.WinNTFileSystem.normalize(Ljava/lang/String;II)Ljava/lang/String; @ 87 c2
Event: 0.731 Thread 0x000001f3bddcb2f0 DEOPT PACKING pc=0x000001f3ac0efbe4 sp=0x0000009fcf7fe060
Event: 0.731 Thread 0x000001f3bddcb2f0 DEOPT UNPACKING pc=0x000001f3a46223a3 sp=0x0000009fcf7fdfa8 mode 2
Event: 0.731 Thread 0x000001f3bddcb2f0 Uncommon trap: trap_request=0xffffffde fr.pc=0x000001f3ac0d72a0 relative=0x0000000000001100
Event: 0.731 Thread 0x000001f3bddcb2f0 Uncommon trap: reason=class_check action=maybe_recompile pc=0x000001f3ac0d72a0 method=jdk.internal.loader.URLClassPath.getLoader(I)Ljdk/internal/loader/URLClassPath$Loader; @ 88 c2
Event: 0.731 Thread 0x000001f3bddcb2f0 DEOPT PACKING pc=0x000001f3ac0d72a0 sp=0x0000009fcf7fe460
Event: 0.731 Thread 0x000001f3bddcb2f0 DEOPT UNPACKING pc=0x000001f3a46223a3 sp=0x0000009fcf7fe460 mode 2

Classes unloaded (0 events):
No events

Classes redefined (0 events):
No events

Internal exceptions (10 events):
Event: 0.297 Thread 0x000001f3a0f36730 Exception <a 'java/lang/ClassNotFoundException'{0x0000000088d74718}: javax/smartcardio/CardPermission> (0x0000000088d74718) 
thrown [e:\jenkins\tmp\workspace\build\src\src\hotspot\share\classfile\systemDictionary.cpp, line 256]
Event: 0.299 Thread 0x000001f3a0f36730 Exception <a 'java/io/FileNotFoundException'{0x0000000088d83188}> (0x0000000088d83188) 
thrown [e:\jenkins\tmp\workspace\build\src\src\hotspot\share\prims\jni.cpp, line 516]
Event: 0.481 Thread 0x000001f3a0f36730 Exception <a 'java/lang/NoSuchMethodError'{0x00000000889504f0}: 'java.lang.Object java.lang.invoke.DirectMethodHandle$Holder.invokeSpecialIFC(java.lang.Object, java.lang.Object, java.lang.Object, java.lang.Object)'> (0x00000000889504f0) 
thrown [e:\jenkins\tmp\workspace\build\src\src\hotspot\share\interpreter\linkResolver.cpp, line 766]
Event: 0.517 Thread 0x000001f3a0f36730 Exception <a 'java/lang/NoSuchMethodError'{0x00000000889ff998}: 'int java.lang.invoke.DirectMethodHandle$Holder.invokeStaticInit(java.lang.Object, java.lang.Object)'> (0x00000000889ff998) 
thrown [e:\jenkins\tmp\workspace\build\src\src\hotspot\share\interpreter\linkResolver.cpp, line 766]
Event: 0.604 Thread 0x000001f3a0f36730 Exception <a 'java/lang/NoSuchMethodError'{0x00000000886089f0}: 'int java.lang.invoke.DirectMethodHandle$Holder.invokeStaticInit(java.lang.Object, java.lang.Object, java.lang.Object)'> (0x00000000886089f0) 
thrown [e:\jenkins\tmp\workspace\build\src\src\hotspot\share\interpreter\linkResolver.cpp, line 766]
Event: 0.617 Thread 0x000001f3a0f36730 Exception <a 'java/lang/NoSuchMethodError'{0x000000008865c920}: 'java.lang.Object java.lang.invoke.DirectMethodHandle$Holder.newInvokeSpecial(java.lang.Object, java.lang.Object, java.lang.Object, java.lang.Object, java.lang.Object)'> (0x000000008865c920) 
thrown [e:\jenkins\tmp\workspace\build\src\src\hotspot\share\interpreter\linkResolver.cpp, line 766]
Event: 0.631 Thread 0x000001f3a0f36730 Exception <a 'java/lang/NoSuchMethodError'{0x00000000886bfa08}: 'void java.lang.invoke.DirectMethodHandle$Holder.invokeStatic(java.lang.Object, java.lang.Object, java.lang.Object)'> (0x00000000886bfa08) 
thrown [e:\jenkins\tmp\workspace\build\src\src\hotspot\share\interpreter\linkResolver.cpp, line 766]
Event: 0.658 Thread 0x000001f3a0f36730 Exception <a 'java/lang/NoSuchMethodError'{0x00000000885ba858}: 'java.lang.Object java.lang.invoke.DirectMethodHandle$Holder.invokeStaticInit(java.lang.Object)'> (0x00000000885ba858) 
thrown [e:\jenkins\tmp\workspace\build\src\src\hotspot\share\interpreter\linkResolver.cpp, line 766]
Event: 0.669 Thread 0x000001f3a0f36730 Exception <a 'java/lang/NoSuchMethodError'{0x00000000885d6e40}: 'int java.lang.invoke.DirectMethodHandle$Holder.invokeSpecial(java.lang.Object, java.lang.Object, java.lang.Object)'> (0x00000000885d6e40) 
thrown [e:\jenkins\tmp\workspace\build\src\src\hotspot\share\interpreter\linkResolver.cpp, line 766]
Event: 0.728 Thread 0x000001f3bdcbec20 Exception <a 'java/lang/NoSuchMethodError'{0x000000008809b0d8}: 'org.slf4j.impl.StaticMDCBinder org.slf4j.impl.StaticMDCBinder.getSingleton()'> (0x000000008809b0d8) 
thrown [e:\jenkins\tmp\workspace\build\src\src\hotspot\share\interpreter\linkResolver.cpp, line 766]

VM Operations (10 events):
Event: 0.166 Executing VM operation: HandshakeAllThreads
Event: 0.166 Executing VM operation: HandshakeAllThreads done
Event: 0.410 Executing VM operation: HandshakeAllThreads
Event: 0.410 Executing VM operation: HandshakeAllThreads done
Event: 0.432 Executing VM operation: HandshakeAllThreads
Event: 0.432 Executing VM operation: HandshakeAllThreads done
Event: 0.457 Executing VM operation: HandshakeAllThreads
Event: 0.457 Executing VM operation: HandshakeAllThreads done
Event: 0.750 Executing VM operation: G1CollectForAllocation
Event: 0.755 Executing VM operation: G1CollectForAllocation done

Events (20 events):
Event: 0.779 loading class sun/util/logging/PlatformLogger$ConfigurableBridge done
Event: 0.779 loading class jdk/internal/logger/BootstrapLogger done
Event: 0.779 loading class jdk/internal/logger/BootstrapLogger$DetectBackend
Event: 0.779 loading class jdk/internal/logger/BootstrapLogger$DetectBackend done
Event: 0.779 loading class jdk/internal/logger/BootstrapLogger$DetectBackend$1
Event: 0.779 loading class jdk/internal/logger/BootstrapLogger$DetectBackend$1 done
Event: 0.780 loading class jdk/internal/logger/BootstrapLogger$LoggingBackend
Event: 0.780 loading class jdk/internal/logger/BootstrapLogger$LoggingBackend done
Event: 0.780 loading class jdk/internal/logger/BootstrapLogger$RedirectedLoggers
Event: 0.780 loading class jdk/internal/logger/BootstrapLogger$RedirectedLoggers done
Event: 0.780 loading class jdk/internal/logger/BootstrapLogger$BootstrapExecutors
Event: 0.780 loading class jdk/internal/logger/BootstrapLogger$BootstrapExecutors done
Event: 0.780 loading class java/util/logging/LogManager$4
Event: 0.780 loading class java/util/logging/LogManager$4 done
Event: 0.780 loading class java/util/logging/ConsoleHandler
Event: 0.781 loading class java/util/logging/StreamHandler
Event: 0.781 loading class java/util/logging/StreamHandler done
Event: 0.781 loading class java/util/logging/ConsoleHandler done
Event: 0.781 loading class java/util/logging/SimpleFormatter
Event: 0.781 loading class java/util/logging/Formatter


Dynamic libraries:
0x00007ff61d410000 - 0x00007ff61d41e000 	C:\Users\vinyssus\.p2\pool\plugins\org.eclipse.justj.openjdk.hotspot.jre.full.win32.x86_64_17.0.2.v20220201-1208\jre\bin\javaw.exe
0x00007ffce7510000 - 0x00007ffce7724000 	C:\WINDOWS\SYSTEM32\ntdll.dll
0x00007ffce5bf0000 - 0x00007ffce5cb2000 	C:\WINDOWS\System32\KERNEL32.DLL
0x00007ffce4a50000 - 0x00007ffce4ded000 	C:\WINDOWS\System32\KERNELBASE.dll
0x00007ffce4df0000 - 0x00007ffce4f01000 	C:\WINDOWS\System32\ucrtbase.dll
0x00007ffcc8bf0000 - 0x00007ffcc8c09000 	C:\Users\vinyssus\.p2\pool\plugins\org.eclipse.justj.openjdk.hotspot.jre.full.win32.x86_64_17.0.2.v20220201-1208\jre\bin\VCRUNTIME140.dll
0x00007ffcd4910000 - 0x00007ffcd4928000 	C:\Users\vinyssus\.p2\pool\plugins\org.eclipse.justj.openjdk.hotspot.jre.full.win32.x86_64_17.0.2.v20220201-1208\jre\bin\jli.dll
0x00007ffce7090000 - 0x00007ffce723a000 	C:\WINDOWS\System32\USER32.dll
0x00007ffce5050000 - 0x00007ffce5076000 	C:\WINDOWS\System32\win32u.dll
0x00007ffcd2020000 - 0x00007ffcd22ae000 	C:\WINDOWS\WinSxS\amd64_microsoft.windows.common-controls_6595b64144ccf1df_6.0.22621.608_none_a9444ca7c10bb01d\COMCTL32.dll
0x00007ffce5b00000 - 0x00007ffce5ba7000 	C:\WINDOWS\System32\msvcrt.dll
0x00007ffce5bb0000 - 0x00007ffce5bd9000 	C:\WINDOWS\System32\GDI32.dll
0x00007ffce5080000 - 0x00007ffce5192000 	C:\WINDOWS\System32\gdi32full.dll
0x00007ffce4940000 - 0x00007ffce49da000 	C:\WINDOWS\System32\msvcp_win.dll
0x00007ffce5310000 - 0x00007ffce5342000 	C:\WINDOWS\System32\IMM32.DLL
0x00007ffce14d0000 - 0x00007ffce14dc000 	C:\Users\vinyssus\.p2\pool\plugins\org.eclipse.justj.openjdk.hotspot.jre.full.win32.x86_64_17.0.2.v20220201-1208\jre\bin\vcruntime140_1.dll
0x00007ffcc6ef0000 - 0x00007ffcc6f81000 	C:\Users\vinyssus\.p2\pool\plugins\org.eclipse.justj.openjdk.hotspot.jre.full.win32.x86_64_17.0.2.v20220201-1208\jre\bin\msvcp140.dll
0x00007ffc74560000 - 0x00007ffc751a7000 	C:\Users\vinyssus\.p2\pool\plugins\org.eclipse.justj.openjdk.hotspot.jre.full.win32.x86_64_17.0.2.v20220201-1208\jre\bin\server\jvm.dll
0x00007ffce57b0000 - 0x00007ffce585e000 	C:\WINDOWS\System32\ADVAPI32.dll
0x00007ffce5550000 - 0x00007ffce55f4000 	C:\WINDOWS\System32\sechost.dll
0x00007ffce6f70000 - 0x00007ffce7085000 	C:\WINDOWS\System32\RPCRT4.dll
0x00007ffce5be0000 - 0x00007ffce5be8000 	C:\WINDOWS\System32\PSAPI.DLL
0x00007ffcc4520000 - 0x00007ffcc4529000 	C:\WINDOWS\SYSTEM32\WSOCK32.dll
0x00007ffcde490000 - 0x00007ffcde4c4000 	C:\WINDOWS\SYSTEM32\WINMM.dll
0x00007ffcddba0000 - 0x00007ffcddbaa000 	C:\WINDOWS\SYSTEM32\VERSION.dll
0x00007ffce6d50000 - 0x00007ffce6dc1000 	C:\WINDOWS\System32\WS2_32.dll
0x00007ffce3a60000 - 0x00007ffce3a78000 	C:\WINDOWS\SYSTEM32\kernel.appcore.dll
0x00007ffcdff70000 - 0x00007ffcdff7a000 	C:\Users\vinyssus\.p2\pool\plugins\org.eclipse.justj.openjdk.hotspot.jre.full.win32.x86_64_17.0.2.v20220201-1208\jre\bin\jimage.dll
0x00007ffcd7f00000 - 0x00007ffcd812e000 	C:\WINDOWS\SYSTEM32\DBGHELP.DLL
0x00007ffce64a0000 - 0x00007ffce682a000 	C:\WINDOWS\System32\combase.dll
0x00007ffce5350000 - 0x00007ffce5427000 	C:\WINDOWS\System32\OLEAUT32.dll
0x00007ffcd7dc0000 - 0x00007ffcd7df2000 	C:\WINDOWS\SYSTEM32\dbgcore.DLL
0x00007ffce4fd0000 - 0x00007ffce504b000 	C:\WINDOWS\System32\bcryptPrimitives.dll
0x00007ffcd2df0000 - 0x00007ffcd2e15000 	C:\Users\vinyssus\.p2\pool\plugins\org.eclipse.justj.openjdk.hotspot.jre.full.win32.x86_64_17.0.2.v20220201-1208\jre\bin\java.dll
0x00007ffcc7870000 - 0x00007ffcc7888000 	C:\Users\vinyssus\.p2\pool\plugins\org.eclipse.justj.openjdk.hotspot.jre.full.win32.x86_64_17.0.2.v20220201-1208\jre\bin\zip.dll
0x00007ffce5cc0000 - 0x00007ffce64a0000 	C:\WINDOWS\System32\SHELL32.dll
0x00007ffce2940000 - 0x00007ffce3205000 	C:\WINDOWS\SYSTEM32\windows.storage.dll
0x00007ffce2800000 - 0x00007ffce293e000 	C:\WINDOWS\SYSTEM32\wintypes.dll
0x00007ffce59e0000 - 0x00007ffce5ad1000 	C:\WINDOWS\System32\SHCORE.dll
0x00007ffce7240000 - 0x00007ffce729e000 	C:\WINDOWS\System32\shlwapi.dll
0x00007ffce4870000 - 0x00007ffce4891000 	C:\WINDOWS\SYSTEM32\profapi.dll
0x00007ffcc7850000 - 0x00007ffcc7869000 	C:\Users\vinyssus\.p2\pool\plugins\org.eclipse.justj.openjdk.hotspot.jre.full.win32.x86_64_17.0.2.v20220201-1208\jre\bin\net.dll
0x00007ffcde9c0000 - 0x00007ffcdeaef000 	C:\WINDOWS\SYSTEM32\WINHTTP.dll
0x00007ffce3eb0000 - 0x00007ffce3f19000 	C:\WINDOWS\system32\mswsock.dll
0x00007ffcc7830000 - 0x00007ffcc7845000 	C:\Users\vinyssus\.p2\pool\plugins\org.eclipse.justj.openjdk.hotspot.jre.full.win32.x86_64_17.0.2.v20220201-1208\jre\bin\nio.dll
0x00007ffcdf980000 - 0x00007ffcdf990000 	C:\Users\vinyssus\.p2\pool\plugins\org.eclipse.justj.openjdk.hotspot.jre.full.win32.x86_64_17.0.2.v20220201-1208\jre\bin\verify.dll
0x00007ffcd2830000 - 0x00007ffcd2839000 	C:\Users\vinyssus\.p2\pool\plugins\org.eclipse.justj.openjdk.hotspot.jre.full.win32.x86_64_17.0.2.v20220201-1208\jre\bin\management.dll
0x00007ffcc94f0000 - 0x00007ffcc94fb000 	C:\Users\vinyssus\.p2\pool\plugins\org.eclipse.justj.openjdk.hotspot.jre.full.win32.x86_64_17.0.2.v20220201-1208\jre\bin\management_ext.dll

dbghelp: loaded successfully - version: 4.0.5 - missing functions: none
symbol engine: initialized successfully - sym options: 0x614 - pdb path: .;C:\Users\vinyssus\.p2\pool\plugins\org.eclipse.justj.openjdk.hotspot.jre.full.win32.x86_64_17.0.2.v20220201-1208\jre\bin;C:\WINDOWS\SYSTEM32;C:\WINDOWS\WinSxS\amd64_microsoft.windows.common-controls_6595b64144ccf1df_6.0.22621.608_none_a9444ca7c10bb01d;C:\Users\vinyssus\.p2\pool\plugins\org.eclipse.justj.openjdk.hotspot.jre.full.win32.x86_64_17.0.2.v20220201-1208\jre\bin\server

VM Arguments:
jvm_args: -Dfile.encoding=UTF-8 -XX:+ShowCodeDetailsInExceptionMessages 
java_command: com.spring.securityapi.SecurityapiApplication
java_class_path (initial): D:\Spring boot\securityapi\target\classes;C:\Users\vinyssus\.m2\repository\org\springframework\boot\spring-boot-starter-data-jpa\2.6.7\spring-boot-starter-data-jpa-2.6.7.jar;C:\Users\vinyssus\.m2\repository\org\springframework\boot\spring-boot-starter-aop\2.6.7\spring-boot-starter-aop-2.6.7.jar;C:\Users\vinyssus\.m2\repository\org\aspectj\aspectjweaver\1.9.7\aspectjweaver-1.9.7.jar;C:\Users\vinyssus\.m2\repository\org\springframework\boot\spring-boot-starter-jdbc\2.6.7\spring-boot-starter-jdbc-2.6.7.jar;C:\Users\vinyssus\.m2\repository\com\zaxxer\HikariCP\4.0.3\HikariCP-4.0.3.jar;C:\Users\vinyssus\.m2\repository\org\springframework\spring-jdbc\5.3.19\spring-jdbc-5.3.19.jar;C:\Users\vinyssus\.m2\repository\jakarta\transaction\jakarta.transaction-api\1.3.3\jakarta.transaction-api-1.3.3.jar;C:\Users\vinyssus\.m2\repository\jakarta\persistence\jakarta.persistence-api\2.2.3\jakarta.persistence-api-2.2.3.jar;C:\Users\vinyssus\.m2\repository\org\hibernate\hibernate-core\5.6.8.Final\hibernate-core-5.6.8.Final.jar;C:\Users\vinyssus\.m2\repository\org\jboss\logging\jboss-logging\3.4.3.Final\jboss-logging-3.4.3.Final.jar;C:\Users\vinyssus\.m2\repository\net\bytebuddy\byte-buddy\1.11.22\byte-buddy-1.11.22.jar;C:\Users\vinyssus\.m2\repository\antlr\antlr\2.7.7\antlr-2.7.7.jar;C:\Users\vinyssus\.m2\repository\org\jboss\jandex\2.4.2.Final\jandex-2.4.2.Final.jar;C:\Users\vinyssus\.m2\repository\com\fasterxml\classmate\1.5.1\classmate-1.5.1.jar;C:\Users\vinyssus\.m2\repository\org\hibernate\common\hibernate-commons-annotations\5.1.2.Final\hibernate-commons-annotations-5.1.2.Final.jar;C:\Users\vinyssus\.m2\repository\org\glassfish\jaxb\jaxb-runtime\2.3.6\jaxb-runtime-2.3.6.jar;C:\Users\vinyssus\.m2\repository\org\glassfish\jaxb\txw2\2.3.6\txw2-2.3.6.jar;C:\Users\vinyssus\.m2\repository\com\sun\istack\istack-commons-runtime\3.0.12\istack-commons-runtime-3.0.12.jar;C:\Users\vinyssus\.m2\repository\com\sun\activation\jakarta.activation\1.2.2\jakarta.activati
Launcher Type: SUN_STANDARD

[Global flags]
     intx CICompilerCount                          = 4                                         {product} {ergonomic}
     uint ConcGCThreads                            = 2                                         {product} {ergonomic}
     uint G1ConcRefinementThreads                  = 8                                         {product} {ergonomic}
   size_t G1HeapRegionSize                         = 1048576                                   {product} {ergonomic}
    uintx GCDrainStackTargetSize                   = 64                                        {product} {ergonomic}
   size_t InitialHeapSize                          = 134217728                                 {product} {ergonomic}
   size_t MarkStackSize                            = 4194304                                   {product} {ergonomic}
   size_t MaxHeapSize                              = 2124414976                                {product} {ergonomic}
   size_t MaxNewSize                               = 1274019840                                {product} {ergonomic}
   size_t MinHeapDeltaBytes                        = 1048576                                   {product} {ergonomic}
   size_t MinHeapSize                              = 8388608                                   {product} {ergonomic}
    uintx NonNMethodCodeHeapSize                   = 5839372                                {pd product} {ergonomic}
    uintx NonProfiledCodeHeapSize                  = 122909434                              {pd product} {ergonomic}
    uintx ProfiledCodeHeapSize                     = 122909434                              {pd product} {ergonomic}
    uintx ReservedCodeCacheSize                    = 251658240                              {pd product} {ergonomic}
     bool SegmentedCodeCache                       = true                                      {product} {ergonomic}
     bool ShowCodeDetailsInExceptionMessages       = true                                   {manageable} {command line}
   size_t SoftMaxHeapSize                          = 2124414976                             {manageable} {ergonomic}
     bool UseCompressedClassPointers               = true                           {product lp64_product} {ergonomic}
     bool UseCompressedOops                        = true                           {product lp64_product} {ergonomic}
     bool UseG1GC                                  = true                                      {product} {ergonomic}
     bool UseLargePagesIndividualAllocation        = false                                  {pd product} {ergonomic}

Logging:
Log output configuration:
 #0: stdout all=warning uptime,level,tags
 #1: stderr all=off uptime,level,tags

Environment Variables:
JAVA_HOME=C:\Program Files\Java\jdk1.8.0_341\bin
PATH=C:/Users/vinyssus/.p2/pool/plugins/org.eclipse.justj.openjdk.hotspot.jre.full.win32.x86_64_17.0.2.v20220201-1208/jre/bin/server;C:/Users/vinyssus/.p2/pool/plugins/org.eclipse.justj.openjdk.hotspot.jre.full.win32.x86_64_17.0.2.v20220201-1208/jre/bin;C:\Program Files (x86)\Common Files\Oracle\Java\javapath;C:\WINDOWS\system32;C:\WINDOWS;C:\WINDOWS\System32\Wbem;C:\WINDOWS\System32\WindowsPowerShell\v1.0\;C:\WINDOWS\System32\OpenSSH\;C:\Program Files\Git\cmd;C:\Program Files\nodejs\;C:\xampp\php;C:\ProgramData\ComposerSetup\bin;C:\src\flutter\bin;C:\Program Files\Docker\Docker\resources\bin;C:\ProgramData\DockerDesktop\version-bin;C:\Program Files\dotnet\;C:\apache-cassandra-3.11.14\bin;C:\Python27;C:\Program Files\Java\jdk1.8.0_341\bin;C:\Users\vinyssus\scoop\shims;C:\Users\vinyssus\AppData\Local\Microsoft\WindowsApps;;C:\Users\vinyssus\AppData\Local\Programs\Microsoft VS Code\bin;C:\Users\vinyssus\AppData\Roaming\npm;C:\Users\vinyssus\AppData\Roaming\Composer\vendor\bin;C:\Users\vinyssus\AppData\Local\Microsoft\WindowsApps;C:\Program Files\heroku\bin;C:\Users\vinyssus\.dotnet\tools;C:\Program Files\JetBrains\IntelliJ IDEA 2022.2.3\bin;;C:\Program Files\JetBrains\IntelliJ IDEA Community Edition 2022.2.3\bin;;C:\Users\vinyssus\Desktop;
USERNAME=vinyssus
OS=Windows_NT
PROCESSOR_IDENTIFIER=Intel64 Family 6 Model 142 Stepping 10, GenuineIntel



---------------  S Y S T E M  ---------------

OS:
 Windows 11 , 64 bit Build 22621 (10.0.22621.755)
OS uptime: 1 days 14:40 hours
Hyper-V role detected

CPU: total 8 (initial active 8) (4 cores per cpu, 2 threads per core) family 6 model 142 stepping 10 microcode 0xe0, cx8, cmov, fxsr, ht, mmx, 3dnowpref, sse, sse2, sse3, ssse3, sse4.1, sse4.2, popcnt, lzcnt, tsc, tscinvbit, avx, avx2, aes, erms, clmul, bmi1, bmi2, adx, fma, vzeroupper, clflush, clflushopt, hv

Memory: 4k page, system-wide physical 8101M (759M free)
TotalPageFile size 10149M (AvailPageFile size 4M)
current process WorkingSet (physical memory assigned to process): 98M, peak: 98M
current process commit charge ("private bytes"): 239M, peak: 240M

vm_info: OpenJDK 64-Bit Server VM (17.0.2+8) for windows-amd64 JRE (17.0.2+8), built on Jan 20 2022 04:52:34 by "" with MS VC++ 16.7 (VS2019)

END.
